<?xml version="1.0" encoding="UTF-8"?>
<testsuite xmlns:xsi="http://www.w3.org/2001/XMLSchema-instance" xsi:noNamespaceSchemaLocation="https://maven.apache.org/surefire/maven-surefire-plugin/xsd/surefire-test-report-3.0.xsd" version="3.0" name="com.example.recipe.recipe.RecipeIntegrationTest" time="44.248" tests="12" errors="0" skipped="0" failures="0">
  <properties>
[...]
</properties>
  <testcase name="favouriteRecipeWorks" classname="com.example.recipe.recipe.RecipeIntegrationTest" time="2.949">
    <system-out><![CDATA[2024-01-18T20:02:40.050+02:00  INFO 74534 --- [           main] t.c.s.AnnotationConfigContextLoaderUtils : Could not detect default configuration classes for test class [com.example.recipe.recipe.RecipeIntegrationTest]: RecipeIntegrationTest does not declare any static, non-private, non-final, nested classes annotated with @Configuration.
2024-01-18T20:02:40.137+02:00  INFO 74534 --- [           main] .b.t.c.SpringBootTestContextBootstrapper : Found @SpringBootConfiguration com.example.recipe.RecipeApplication for test class com.example.recipe.recipe.RecipeIntegrationTest

  .   ____          _            __ _ _
 /\\ / ___'_ __ _ _(_)_ __  __ _ \ \ \ \
( ( )\___ | '_ | '_| | '_ \/ _` | \ \ \ \
 \\/  ___)| |_)| | | | | || (_| |  ) ) ) )
  '  |____| .__|_| |_|_| |_\__, | / / / /
 =========|_|==============|___/=/_/_/_/
 :: Spring Boot ::                (v3.2.0)

2024-01-18T20:02:40.337+02:00  INFO 74534 --- [           main] c.e.recipe.recipe.RecipeIntegrationTest  : Starting RecipeIntegrationTest using Java 18.0.2.1 with PID 74534 (started by nellirossi in /Users/nellirossi/Documents/recipes/recipes-backend)
2024-01-18T20:02:40.340+02:00  INFO 74534 --- [           main] c.e.recipe.recipe.RecipeIntegrationTest  : The following 1 profile is active: "test"
2024-01-18T20:02:40.760+02:00  INFO 74534 --- [           main] .s.d.r.c.RepositoryConfigurationDelegate : Bootstrapping Spring Data JPA repositories in DEFAULT mode.
2024-01-18T20:02:40.793+02:00  INFO 74534 --- [           main] .s.d.r.c.RepositoryConfigurationDelegate : Finished Spring Data repository scanning in 33 ms. Found 8 JPA repository interfaces.
2024-01-18T20:02:41.220+02:00  INFO 74534 --- [           main] o.s.b.w.embedded.tomcat.TomcatWebServer  : Tomcat initialized with port 0 (http)
2024-01-18T20:02:41.230+02:00  INFO 74534 --- [           main] o.apache.catalina.core.StandardService   : Starting service [Tomcat]
2024-01-18T20:02:41.233+02:00  INFO 74534 --- [           main] o.apache.catalina.core.StandardEngine    : Starting Servlet engine: [Apache Tomcat/10.1.16]
2024-01-18T20:02:41.289+02:00  INFO 74534 --- [           main] o.a.c.c.C.[Tomcat].[localhost].[/]       : Initializing Spring embedded WebApplicationContext
2024-01-18T20:02:41.289+02:00  INFO 74534 --- [           main] w.s.c.ServletWebServerApplicationContext : Root WebApplicationContext: initialization completed in 945 ms
2024-01-18T20:02:41.404+02:00  INFO 74534 --- [           main] o.hibernate.jpa.internal.util.LogHelper  : HHH000204: Processing PersistenceUnitInfo [name: default]
2024-01-18T20:02:41.409+02:00  INFO 74534 --- [           main] o.h.c.internal.RegionFactoryInitiator    : HHH000026: Second-level cache disabled
2024-01-18T20:02:41.415+02:00  INFO 74534 --- [           main] o.s.o.j.p.SpringPersistenceUnitInfo      : No LoadTimeWeaver setup: ignoring JPA class transformer
2024-01-18T20:02:41.416+02:00  INFO 74534 --- [           main] com.zaxxer.hikari.HikariDataSource       : HikariPool-2 - Starting...
2024-01-18T20:02:41.435+02:00  INFO 74534 --- [           main] com.zaxxer.hikari.pool.HikariPool        : HikariPool-2 - Added connection conn10: url=jdbc:h2:mem:eb5fe446-a296-4999-9e42-f2221a65ea5c user=SA
2024-01-18T20:02:41.436+02:00  INFO 74534 --- [           main] com.zaxxer.hikari.HikariDataSource       : HikariPool-2 - Start completed.
2024-01-18T20:02:41.440+02:00  WARN 74534 --- [           main] org.hibernate.dialect.Dialect            : HHH000511: The 2.2.0 version for [org.hibernate.dialect.MySQLDialect] is no longer supported, hence certain features may not work properly. The minimum supported version is 5.7.0. Check the community dialects project for available legacy versions.
2024-01-18T20:02:41.441+02:00  WARN 74534 --- [           main] org.hibernate.orm.deprecation            : HHH90000025: MySQLDialect does not need to be specified explicitly using 'hibernate.dialect' (remove the property setting and it will be selected by default)
2024-01-18T20:02:41.617+02:00  INFO 74534 --- [           main] o.h.e.t.j.p.i.JtaPlatformInitiator       : HHH000489: No JTA platform available (set 'hibernate.transaction.jta.platform' to enable JTA platform integration)
Hibernate: 
    create table account (
        account_id integer not null auto_increment,
        account_email varchar(255) not null,
        account_name varchar(255) not null,
        account_password varchar(255) not null,
        account_username varchar(255) not null,
        primary key (account_id)
    ) engine=InnoDB
Hibernate: 
    create table category (
        category_id integer not null auto_increment,
        category_name varchar(255),
        primary key (category_id)
    ) engine=InnoDB
Hibernate: 
    create table country (
        country_id integer not null auto_increment,
        country_name varchar(255),
        primary key (country_id)
    ) engine=InnoDB
Hibernate: 
    create table ingredient (
        ingredient_id integer not null auto_increment,
        ingredient_name varchar(255) not null,
        primary key (ingredient_id)
    ) engine=InnoDB
Hibernate: 
    create table instruction (
        instruction_id integer not null auto_increment,
        instruction_body varchar(255) not null,
        recipe_id integer,
        primary key (instruction_id)
    ) engine=InnoDB
Hibernate: 
    create table measurement (
        measurement_id integer not null auto_increment,
        measurement_amount float(23) not null,
        measurement_ingredient integer,
        measurement_unit integer,
        recipe_id integer,
        primary key (measurement_id)
    ) engine=InnoDB
Hibernate: 
    create table recipe (
        recipe_id integer not null,
        recipe_description varchar(255) not null,
        recipe_do_later bit not null,
        recipe_favourite bit not null,
        recipe_finished bit not null,
        recipe_health_score float(53),
        recipe_image varchar(255) not null,
        recipe_original varchar(255),
        recipe_servings integer not null,
        recipe_time integer not null,
        recipe_title varchar(255) not null,
        recipe_to_do_date date,
        recipe_account integer not null,
        primary key (recipe_id)
    ) engine=InnoDB
Hibernate: 
    create table recipe_category_mapping (
        recipe_category integer not null,
        category_id integer not null
    ) engine=InnoDB
Hibernate: 
    create table recipe_country_mapping (
        recipe_country integer not null,
        country_id integer not null
    ) engine=InnoDB
Hibernate: 
    create table recipe_type_mapping (
        recipe_type integer not null,
        type_id integer not null
    ) engine=InnoDB
Hibernate: 
    create table type (
        type_id integer not null auto_increment,
        type_name varchar(255),
        primary key (type_id)
    ) engine=InnoDB
Hibernate: 
    create table unit (
        unit_id integer not null auto_increment,
        unit_name varchar(255),
        primary key (unit_id)
    ) engine=InnoDB
Hibernate: 
    alter table account 
       drop index UK_o72icrlyfe9jcc61hbgsnmkgr
Hibernate: 
    alter table account 
       add constraint UK_o72icrlyfe9jcc61hbgsnmkgr unique (account_email)
Hibernate: 
    alter table account 
       drop index UK_xtxi9818l59cygi210n8tymn
Hibernate: 
    alter table account 
       add constraint UK_xtxi9818l59cygi210n8tymn unique (account_username)
Hibernate: 
    alter table category 
       drop index UK_lroeo5fvfdeg4hpicn4lw7x9b
Hibernate: 
    alter table category 
       add constraint UK_lroeo5fvfdeg4hpicn4lw7x9b unique (category_name)
Hibernate: 
    alter table country 
       drop index UK_qrkn270121aljmucrdbnmd35p
Hibernate: 
    alter table country 
       add constraint UK_qrkn270121aljmucrdbnmd35p unique (country_name)
Hibernate: 
    alter table ingredient 
       drop index UK_co7ro6kyijhfik027h0y4d3n3
Hibernate: 
    alter table ingredient 
       add constraint UK_co7ro6kyijhfik027h0y4d3n3 unique (ingredient_name)
Hibernate: 
    alter table type 
       drop index UK_f1qndtxdjk0ose1st2rhv1vhx
Hibernate: 
    alter table type 
       add constraint UK_f1qndtxdjk0ose1st2rhv1vhx unique (type_name)
Hibernate: 
    alter table unit 
       drop index UK_da8eog93rhwgf6726q1nftsr6
Hibernate: 
    alter table unit 
       add constraint UK_da8eog93rhwgf6726q1nftsr6 unique (unit_name)
Hibernate: 
    alter table instruction 
       add constraint FKcd28dqk4w4civw4jbswqhde2o 
       foreign key (recipe_id) 
       references recipe (recipe_id) 
       on delete cascade
Hibernate: 
    alter table measurement 
       add constraint FKawbdlt6648183uloeiqg70s5k 
       foreign key (measurement_ingredient) 
       references ingredient (ingredient_id)
Hibernate: 
    alter table measurement 
       add constraint FK4rxkc345jswd5pue43p1op7b6 
       foreign key (measurement_unit) 
       references unit (unit_id)
Hibernate: 
    alter table measurement 
       add constraint FKqptfsbxdmcuodd9wg0ainj5ju 
       foreign key (recipe_id) 
       references recipe (recipe_id) 
       on delete cascade
Hibernate: 
    alter table recipe 
       add constraint FKqce9j5wclvpp7522fkf1jn5p9 
       foreign key (recipe_account) 
       references account (account_id) 
       on delete cascade
Hibernate: 
    alter table recipe_category_mapping 
       add constraint FKo6ic4v041qy0d09yo4lne766d 
       foreign key (category_id) 
       references category (category_id)
Hibernate: 
    alter table recipe_category_mapping 
       add constraint FKpbsaruxxfswifi0t7ekvfg2fd 
       foreign key (recipe_category) 
       references recipe (recipe_id)
Hibernate: 
    alter table recipe_country_mapping 
       add constraint FK483w8krln3o8dynou1xnlnrg9 
       foreign key (country_id) 
       references country (country_id)
Hibernate: 
    alter table recipe_country_mapping 
       add constraint FKc9j7hrj2sxj5bulutbw4ievff 
       foreign key (recipe_country) 
       references recipe (recipe_id)
Hibernate: 
    alter table recipe_type_mapping 
       add constraint FKg27fj1iqigjdffvvcimnaymw1 
       foreign key (type_id) 
       references type (type_id)
Hibernate: 
    alter table recipe_type_mapping 
       add constraint FKdaudly65pqb386464ff72wjvj 
       foreign key (recipe_type) 
       references recipe (recipe_id)
2024-01-18T20:02:41.690+02:00  INFO 74534 --- [           main] j.LocalContainerEntityManagerFactoryBean : Initialized JPA EntityManagerFactory for persistence unit 'default'
2024-01-18T20:02:42.283+02:00  WARN 74534 --- [           main] JpaBaseConfiguration$JpaWebConfiguration : spring.jpa.open-in-view is enabled by default. Therefore, database queries may be performed during view rendering. Explicitly configure spring.jpa.open-in-view to disable this warning
2024-01-18T20:02:42.486+02:00  INFO 74534 --- [           main] o.s.s.web.DefaultSecurityFilterChain     : Will secure any request with [org.springframework.security.web.session.DisableEncodeUrlFilter@2022e444, org.springframework.security.web.context.request.async.WebAsyncManagerIntegrationFilter@25215e78, org.springframework.security.web.context.SecurityContextHolderFilter@3b887e2b, org.springframework.security.web.header.HeaderWriterFilter@57916acc, org.springframework.web.filter.CorsFilter@35d472c1, org.springframework.web.filter.CorsFilter@720eae47, org.springframework.security.web.authentication.logout.LogoutFilter@30c6a810, com.example.recipe.security.JwtAuthFilter@42cb75c9, org.springframework.security.web.savedrequest.RequestCacheAwareFilter@6793a49c, org.springframework.security.web.servletapi.SecurityContextHolderAwareRequestFilter@4dca07d5, org.springframework.security.web.authentication.AnonymousAuthenticationFilter@45b97486, org.springframework.security.web.session.SessionManagementFilter@660c6091, org.springframework.security.web.access.ExceptionTranslationFilter@7b04dba0, org.springframework.security.web.access.intercept.AuthorizationFilter@57e21ffb]
2024-01-18T20:02:43.079+02:00  INFO 74534 --- [           main] o.s.b.w.embedded.tomcat.TomcatWebServer  : Tomcat started on port 52507 (http) with context path ''
2024-01-18T20:02:43.093+02:00  INFO 74534 --- [           main] c.e.recipe.recipe.RecipeIntegrationTest  : Started RecipeIntegrationTest in 2.839 seconds (process running for 16.832)
Hibernate: 
    select
        r1_0.recipe_id,
        r1_0.recipe_account,
        a1_0.account_id,
        a1_0.account_email,
        a1_0.account_name,
        a1_0.account_password,
        a1_0.account_username,
        r1_0.recipe_description,
        r1_0.recipe_do_later,
        r1_0.recipe_favourite,
        r1_0.recipe_finished,
        r1_0.recipe_health_score,
        r1_0.recipe_image,
        r1_0.recipe_original,
        r1_0.recipe_servings,
        r1_0.recipe_time,
        r1_0.recipe_title,
        r1_0.recipe_to_do_date 
    from
        recipe r1_0 
    join
        account a1_0 
            on a1_0.account_id=r1_0.recipe_account 
    where
        r1_0.recipe_id=?
2024-01-18T20:02:43.799+02:00  INFO 74534 --- [0-auto-1-exec-1] o.a.c.c.C.[Tomcat].[localhost].[/]       : Initializing Spring DispatcherServlet 'dispatcherServlet'
2024-01-18T20:02:43.800+02:00  INFO 74534 --- [0-auto-1-exec-1] o.s.web.servlet.DispatcherServlet        : Initializing Servlet 'dispatcherServlet'
2024-01-18T20:02:43.802+02:00  INFO 74534 --- [0-auto-1-exec-1] o.s.web.servlet.DispatcherServlet        : Completed initialization in 2 ms
Hibernate: 
    SELECT
        * 
    FROM
        account a 
    WHERE
        a.account_username = ?
2024-01-18T20:02:43.922+02:00  WARN 74534 --- [0-auto-1-exec-1] o.s.w.s.h.HandlerMappingIntrospector     : Cache miss for REQUEST dispatch to '/recipe/set/favourite' (previous null). Performing MatchableHandlerMapping lookup. This is logged once only at WARN level, and every time at TRACE.
Hibernate: 
    select
        r1_0.recipe_id,
        r1_0.recipe_account,
        a1_0.account_id,
        a1_0.account_email,
        a1_0.account_name,
        a1_0.account_password,
        a1_0.account_username,
        r1_0.recipe_description,
        r1_0.recipe_do_later,
        r1_0.recipe_favourite,
        r1_0.recipe_finished,
        r1_0.recipe_health_score,
        r1_0.recipe_image,
        r1_0.recipe_original,
        r1_0.recipe_servings,
        r1_0.recipe_time,
        r1_0.recipe_title,
        r1_0.recipe_to_do_date 
    from
        recipe r1_0 
    join
        account a1_0 
            on a1_0.account_id=r1_0.recipe_account 
    where
        r1_0.recipe_id=?
Hibernate: 
    update
        recipe 
    set
        recipe_account=?,
        recipe_description=?,
        recipe_do_later=?,
        recipe_favourite=?,
        recipe_finished=?,
        recipe_health_score=?,
        recipe_image=?,
        recipe_original=?,
        recipe_servings=?,
        recipe_time=?,
        recipe_title=?,
        recipe_to_do_date=? 
    where
        recipe_id=?
Hibernate: 
    select
        r1_0.recipe_id,
        r1_0.recipe_account,
        a1_0.account_id,
        a1_0.account_email,
        a1_0.account_name,
        a1_0.account_password,
        a1_0.account_username,
        r1_0.recipe_description,
        r1_0.recipe_do_later,
        r1_0.recipe_favourite,
        r1_0.recipe_finished,
        r1_0.recipe_health_score,
        r1_0.recipe_image,
        r1_0.recipe_original,
        r1_0.recipe_servings,
        r1_0.recipe_time,
        r1_0.recipe_title,
        r1_0.recipe_to_do_date 
    from
        recipe r1_0 
    join
        account a1_0 
            on a1_0.account_id=r1_0.recipe_account 
    where
        r1_0.recipe_id=?
2024-01-18T20:02:46.103+02:00  INFO 74534 --- [           main] j.LocalContainerEntityManagerFactoryBean : Closing JPA EntityManagerFactory for persistence unit 'default'
2024-01-18T20:02:46.109+02:00  INFO 74534 --- [           main] com.zaxxer.hikari.HikariDataSource       : HikariPool-2 - Shutdown initiated...
2024-01-18T20:02:46.115+02:00  INFO 74534 --- [           main] com.zaxxer.hikari.HikariDataSource       : HikariPool-2 - Shutdown completed.
]]></system-out>
  </testcase>
  <testcase name="getRecipeFromDBWorks" classname="com.example.recipe.recipe.RecipeIntegrationTest" time="2.331">
    <system-out><![CDATA[
  .   ____          _            __ _ _
 /\\ / ___'_ __ _ _(_)_ __  __ _ \ \ \ \
( ( )\___ | '_ | '_| | '_ \/ _` | \ \ \ \
 \\/  ___)| |_)| | | | | || (_| |  ) ) ) )
  '  |____| .__|_| |_|_| |_\__, | / / / /
 =========|_|==============|___/=/_/_/_/
 :: Spring Boot ::                (v3.2.0)

2024-01-18T20:02:46.199+02:00  INFO 74534 --- [           main] c.e.recipe.recipe.RecipeIntegrationTest  : Starting RecipeIntegrationTest using Java 18.0.2.1 with PID 74534 (started by nellirossi in /Users/nellirossi/Documents/recipes/recipes-backend)
2024-01-18T20:02:46.200+02:00  INFO 74534 --- [           main] c.e.recipe.recipe.RecipeIntegrationTest  : The following 1 profile is active: "test"
2024-01-18T20:02:46.556+02:00  INFO 74534 --- [           main] .s.d.r.c.RepositoryConfigurationDelegate : Bootstrapping Spring Data JPA repositories in DEFAULT mode.
2024-01-18T20:02:46.608+02:00  INFO 74534 --- [           main] .s.d.r.c.RepositoryConfigurationDelegate : Finished Spring Data repository scanning in 52 ms. Found 8 JPA repository interfaces.
2024-01-18T20:02:46.834+02:00  INFO 74534 --- [           main] o.s.b.w.embedded.tomcat.TomcatWebServer  : Tomcat initialized with port 0 (http)
2024-01-18T20:02:46.836+02:00  INFO 74534 --- [           main] o.apache.catalina.core.StandardService   : Starting service [Tomcat]
2024-01-18T20:02:46.837+02:00  INFO 74534 --- [           main] o.apache.catalina.core.StandardEngine    : Starting Servlet engine: [Apache Tomcat/10.1.16]
2024-01-18T20:02:46.865+02:00  INFO 74534 --- [           main] o.a.c.c.C.[Tomcat].[localhost].[/]       : Initializing Spring embedded WebApplicationContext
2024-01-18T20:02:46.866+02:00  INFO 74534 --- [           main] w.s.c.ServletWebServerApplicationContext : Root WebApplicationContext: initialization completed in 663 ms
2024-01-18T20:02:46.928+02:00  INFO 74534 --- [           main] o.hibernate.jpa.internal.util.LogHelper  : HHH000204: Processing PersistenceUnitInfo [name: default]
2024-01-18T20:02:46.933+02:00  INFO 74534 --- [           main] o.h.c.internal.RegionFactoryInitiator    : HHH000026: Second-level cache disabled
2024-01-18T20:02:46.940+02:00  INFO 74534 --- [           main] o.s.o.j.p.SpringPersistenceUnitInfo      : No LoadTimeWeaver setup: ignoring JPA class transformer
2024-01-18T20:02:46.941+02:00  INFO 74534 --- [           main] com.zaxxer.hikari.HikariDataSource       : HikariPool-3 - Starting...
2024-01-18T20:02:46.947+02:00  INFO 74534 --- [           main] com.zaxxer.hikari.pool.HikariPool        : HikariPool-3 - Added connection conn20: url=jdbc:h2:mem:e33a9698-bbd5-42e1-82b2-51641efd6ab2 user=SA
2024-01-18T20:02:46.948+02:00  INFO 74534 --- [           main] com.zaxxer.hikari.HikariDataSource       : HikariPool-3 - Start completed.
2024-01-18T20:02:46.950+02:00  WARN 74534 --- [           main] org.hibernate.dialect.Dialect            : HHH000511: The 2.2.0 version for [org.hibernate.dialect.MySQLDialect] is no longer supported, hence certain features may not work properly. The minimum supported version is 5.7.0. Check the community dialects project for available legacy versions.
2024-01-18T20:02:46.950+02:00  WARN 74534 --- [           main] org.hibernate.orm.deprecation            : HHH90000025: MySQLDialect does not need to be specified explicitly using 'hibernate.dialect' (remove the property setting and it will be selected by default)
2024-01-18T20:02:47.206+02:00  INFO 74534 --- [           main] o.h.e.t.j.p.i.JtaPlatformInitiator       : HHH000489: No JTA platform available (set 'hibernate.transaction.jta.platform' to enable JTA platform integration)
Hibernate: 
    create table account (
        account_id integer not null auto_increment,
        account_email varchar(255) not null,
        account_name varchar(255) not null,
        account_password varchar(255) not null,
        account_username varchar(255) not null,
        primary key (account_id)
    ) engine=InnoDB
Hibernate: 
    create table category (
        category_id integer not null auto_increment,
        category_name varchar(255),
        primary key (category_id)
    ) engine=InnoDB
Hibernate: 
    create table country (
        country_id integer not null auto_increment,
        country_name varchar(255),
        primary key (country_id)
    ) engine=InnoDB
Hibernate: 
    create table ingredient (
        ingredient_id integer not null auto_increment,
        ingredient_name varchar(255) not null,
        primary key (ingredient_id)
    ) engine=InnoDB
Hibernate: 
    create table instruction (
        instruction_id integer not null auto_increment,
        instruction_body varchar(255) not null,
        recipe_id integer,
        primary key (instruction_id)
    ) engine=InnoDB
Hibernate: 
    create table measurement (
        measurement_id integer not null auto_increment,
        measurement_amount float(23) not null,
        measurement_ingredient integer,
        measurement_unit integer,
        recipe_id integer,
        primary key (measurement_id)
    ) engine=InnoDB
Hibernate: 
    create table recipe (
        recipe_id integer not null,
        recipe_description varchar(255) not null,
        recipe_do_later bit not null,
        recipe_favourite bit not null,
        recipe_finished bit not null,
        recipe_health_score float(53),
        recipe_image varchar(255) not null,
        recipe_original varchar(255),
        recipe_servings integer not null,
        recipe_time integer not null,
        recipe_title varchar(255) not null,
        recipe_to_do_date date,
        recipe_account integer not null,
        primary key (recipe_id)
    ) engine=InnoDB
Hibernate: 
    create table recipe_category_mapping (
        recipe_category integer not null,
        category_id integer not null
    ) engine=InnoDB
Hibernate: 
    create table recipe_country_mapping (
        recipe_country integer not null,
        country_id integer not null
    ) engine=InnoDB
Hibernate: 
    create table recipe_type_mapping (
        recipe_type integer not null,
        type_id integer not null
    ) engine=InnoDB
Hibernate: 
    create table type (
        type_id integer not null auto_increment,
        type_name varchar(255),
        primary key (type_id)
    ) engine=InnoDB
Hibernate: 
    create table unit (
        unit_id integer not null auto_increment,
        unit_name varchar(255),
        primary key (unit_id)
    ) engine=InnoDB
Hibernate: 
    alter table account 
       drop index UK_o72icrlyfe9jcc61hbgsnmkgr
Hibernate: 
    alter table account 
       add constraint UK_o72icrlyfe9jcc61hbgsnmkgr unique (account_email)
Hibernate: 
    alter table account 
       drop index UK_xtxi9818l59cygi210n8tymn
Hibernate: 
    alter table account 
       add constraint UK_xtxi9818l59cygi210n8tymn unique (account_username)
Hibernate: 
    alter table category 
       drop index UK_lroeo5fvfdeg4hpicn4lw7x9b
Hibernate: 
    alter table category 
       add constraint UK_lroeo5fvfdeg4hpicn4lw7x9b unique (category_name)
Hibernate: 
    alter table country 
       drop index UK_qrkn270121aljmucrdbnmd35p
Hibernate: 
    alter table country 
       add constraint UK_qrkn270121aljmucrdbnmd35p unique (country_name)
Hibernate: 
    alter table ingredient 
       drop index UK_co7ro6kyijhfik027h0y4d3n3
Hibernate: 
    alter table ingredient 
       add constraint UK_co7ro6kyijhfik027h0y4d3n3 unique (ingredient_name)
Hibernate: 
    alter table type 
       drop index UK_f1qndtxdjk0ose1st2rhv1vhx
Hibernate: 
    alter table type 
       add constraint UK_f1qndtxdjk0ose1st2rhv1vhx unique (type_name)
Hibernate: 
    alter table unit 
       drop index UK_da8eog93rhwgf6726q1nftsr6
Hibernate: 
    alter table unit 
       add constraint UK_da8eog93rhwgf6726q1nftsr6 unique (unit_name)
Hibernate: 
    alter table instruction 
       add constraint FKcd28dqk4w4civw4jbswqhde2o 
       foreign key (recipe_id) 
       references recipe (recipe_id) 
       on delete cascade
Hibernate: 
    alter table measurement 
       add constraint FKawbdlt6648183uloeiqg70s5k 
       foreign key (measurement_ingredient) 
       references ingredient (ingredient_id)
Hibernate: 
    alter table measurement 
       add constraint FK4rxkc345jswd5pue43p1op7b6 
       foreign key (measurement_unit) 
       references unit (unit_id)
Hibernate: 
    alter table measurement 
       add constraint FKqptfsbxdmcuodd9wg0ainj5ju 
       foreign key (recipe_id) 
       references recipe (recipe_id) 
       on delete cascade
Hibernate: 
    alter table recipe 
       add constraint FKqce9j5wclvpp7522fkf1jn5p9 
       foreign key (recipe_account) 
       references account (account_id) 
       on delete cascade
Hibernate: 
    alter table recipe_category_mapping 
       add constraint FKo6ic4v041qy0d09yo4lne766d 
       foreign key (category_id) 
       references category (category_id)
Hibernate: 
    alter table recipe_category_mapping 
       add constraint FKpbsaruxxfswifi0t7ekvfg2fd 
       foreign key (recipe_category) 
       references recipe (recipe_id)
Hibernate: 
    alter table recipe_country_mapping 
       add constraint FK483w8krln3o8dynou1xnlnrg9 
       foreign key (country_id) 
       references country (country_id)
Hibernate: 
    alter table recipe_country_mapping 
       add constraint FKc9j7hrj2sxj5bulutbw4ievff 
       foreign key (recipe_country) 
       references recipe (recipe_id)
Hibernate: 
    alter table recipe_type_mapping 
       add constraint FKg27fj1iqigjdffvvcimnaymw1 
       foreign key (type_id) 
       references type (type_id)
Hibernate: 
    alter table recipe_type_mapping 
       add constraint FKdaudly65pqb386464ff72wjvj 
       foreign key (recipe_type) 
       references recipe (recipe_id)
2024-01-18T20:02:47.267+02:00  INFO 74534 --- [           main] j.LocalContainerEntityManagerFactoryBean : Initialized JPA EntityManagerFactory for persistence unit 'default'
2024-01-18T20:02:47.814+02:00  WARN 74534 --- [           main] JpaBaseConfiguration$JpaWebConfiguration : spring.jpa.open-in-view is enabled by default. Therefore, database queries may be performed during view rendering. Explicitly configure spring.jpa.open-in-view to disable this warning
2024-01-18T20:02:47.968+02:00  INFO 74534 --- [           main] o.s.s.web.DefaultSecurityFilterChain     : Will secure any request with [org.springframework.security.web.session.DisableEncodeUrlFilter@116d39e2, org.springframework.security.web.context.request.async.WebAsyncManagerIntegrationFilter@6b72226a, org.springframework.security.web.context.SecurityContextHolderFilter@7d2ae92b, org.springframework.security.web.header.HeaderWriterFilter@61a472f, org.springframework.web.filter.CorsFilter@687e13c4, org.springframework.web.filter.CorsFilter@76d6769a, org.springframework.security.web.authentication.logout.LogoutFilter@634324c9, com.example.recipe.security.JwtAuthFilter@448c64b3, org.springframework.security.web.savedrequest.RequestCacheAwareFilter@3abb7923, org.springframework.security.web.servletapi.SecurityContextHolderAwareRequestFilter@6e4c6264, org.springframework.security.web.authentication.AnonymousAuthenticationFilter@e8ce38b, org.springframework.security.web.session.SessionManagementFilter@43ec81be, org.springframework.security.web.access.ExceptionTranslationFilter@2c9d7974, org.springframework.security.web.access.intercept.AuthorizationFilter@f02369f]
2024-01-18T20:02:48.146+02:00  INFO 74534 --- [           main] o.s.b.w.embedded.tomcat.TomcatWebServer  : Tomcat started on port 52510 (http) with context path ''
2024-01-18T20:02:48.151+02:00  INFO 74534 --- [           main] c.e.recipe.recipe.RecipeIntegrationTest  : Started RecipeIntegrationTest in 2.012 seconds (process running for 21.89)
2024-01-18T20:02:48.205+02:00  INFO 74534 --- [0-auto-2-exec-1] o.a.c.c.C.[Tomcat].[localhost].[/]       : Initializing Spring DispatcherServlet 'dispatcherServlet'
2024-01-18T20:02:48.205+02:00  INFO 74534 --- [0-auto-2-exec-1] o.s.web.servlet.DispatcherServlet        : Initializing Servlet 'dispatcherServlet'
2024-01-18T20:02:48.206+02:00  INFO 74534 --- [0-auto-2-exec-1] o.s.web.servlet.DispatcherServlet        : Completed initialization in 1 ms
Hibernate: 
    SELECT
        * 
    FROM
        account a 
    WHERE
        a.account_username = ?
2024-01-18T20:02:48.240+02:00  WARN 74534 --- [0-auto-2-exec-1] o.s.w.s.h.HandlerMappingIntrospector     : Cache miss for REQUEST dispatch to '/recipe/get/db' (previous null). Performing MatchableHandlerMapping lookup. This is logged once only at WARN level, and every time at TRACE.
Hibernate: 
    select
        r1_0.recipe_id,
        r1_0.recipe_account,
        a1_0.account_id,
        a1_0.account_email,
        a1_0.account_name,
        a1_0.account_password,
        a1_0.account_username,
        r1_0.recipe_description,
        r1_0.recipe_do_later,
        r1_0.recipe_favourite,
        r1_0.recipe_finished,
        r1_0.recipe_health_score,
        r1_0.recipe_image,
        r1_0.recipe_original,
        r1_0.recipe_servings,
        r1_0.recipe_time,
        r1_0.recipe_title,
        r1_0.recipe_to_do_date 
    from
        recipe r1_0 
    join
        account a1_0 
            on a1_0.account_id=r1_0.recipe_account 
    where
        r1_0.recipe_id=?
Hibernate: 
    select
        t1_0.recipe_type,
        t1_1.type_id,
        t1_1.type_name 
    from
        recipe_type_mapping t1_0 
    join
        type t1_1 
            on t1_1.type_id=t1_0.type_id 
    where
        t1_0.recipe_type=?
Hibernate: 
    select
        c1_0.recipe_country,
        c1_1.country_id,
        c1_1.country_name 
    from
        recipe_country_mapping c1_0 
    join
        country c1_1 
            on c1_1.country_id=c1_0.country_id 
    where
        c1_0.recipe_country=?
Hibernate: 
    select
        m1_0.recipe_id,
        m1_0.measurement_id,
        m1_0.measurement_amount,
        i1_0.ingredient_id,
        i1_0.ingredient_name,
        u1_0.unit_id,
        u1_0.unit_name 
    from
        measurement m1_0 
    left join
        ingredient i1_0 
            on i1_0.ingredient_id=m1_0.measurement_ingredient 
    left join
        unit u1_0 
            on u1_0.unit_id=m1_0.measurement_unit 
    where
        m1_0.recipe_id=?
Hibernate: 
    select
        c1_0.recipe_category,
        c1_1.category_id,
        c1_1.category_name 
    from
        recipe_category_mapping c1_0 
    join
        category c1_1 
            on c1_1.category_id=c1_0.category_id 
    where
        c1_0.recipe_category=?
Hibernate: 
    select
        i1_0.recipe_id,
        i1_0.instruction_id,
        i1_0.instruction_body 
    from
        instruction i1_0 
    where
        i1_0.recipe_id=?
2024-01-18T20:02:50.456+02:00  INFO 74534 --- [           main] j.LocalContainerEntityManagerFactoryBean : Closing JPA EntityManagerFactory for persistence unit 'default'
2024-01-18T20:02:50.470+02:00  INFO 74534 --- [           main] com.zaxxer.hikari.HikariDataSource       : HikariPool-3 - Shutdown initiated...
2024-01-18T20:02:50.479+02:00  INFO 74534 --- [           main] com.zaxxer.hikari.HikariDataSource       : HikariPool-3 - Shutdown completed.
]]></system-out>
  </testcase>
  <testcase name="addRecipeWorks" classname="com.example.recipe.recipe.RecipeIntegrationTest" time="2.279">
    <system-out><![CDATA[
  .   ____          _            __ _ _
 /\\ / ___'_ __ _ _(_)_ __  __ _ \ \ \ \
( ( )\___ | '_ | '_| | '_ \/ _` | \ \ \ \
 \\/  ___)| |_)| | | | | || (_| |  ) ) ) )
  '  |____| .__|_| |_|_| |_\__, | / / / /
 =========|_|==============|___/=/_/_/_/
 :: Spring Boot ::                (v3.2.0)

2024-01-18T20:02:50.605+02:00  INFO 74534 --- [           main] c.e.recipe.recipe.RecipeIntegrationTest  : Starting RecipeIntegrationTest using Java 18.0.2.1 with PID 74534 (started by nellirossi in /Users/nellirossi/Documents/recipes/recipes-backend)
2024-01-18T20:02:50.605+02:00  INFO 74534 --- [           main] c.e.recipe.recipe.RecipeIntegrationTest  : The following 1 profile is active: "test"
2024-01-18T20:02:50.903+02:00  INFO 74534 --- [           main] .s.d.r.c.RepositoryConfigurationDelegate : Bootstrapping Spring Data JPA repositories in DEFAULT mode.
2024-01-18T20:02:50.927+02:00  INFO 74534 --- [           main] .s.d.r.c.RepositoryConfigurationDelegate : Finished Spring Data repository scanning in 24 ms. Found 8 JPA repository interfaces.
2024-01-18T20:02:51.068+02:00  INFO 74534 --- [           main] o.s.b.w.embedded.tomcat.TomcatWebServer  : Tomcat initialized with port 0 (http)
2024-01-18T20:02:51.069+02:00  INFO 74534 --- [           main] o.apache.catalina.core.StandardService   : Starting service [Tomcat]
2024-01-18T20:02:51.069+02:00  INFO 74534 --- [           main] o.apache.catalina.core.StandardEngine    : Starting Servlet engine: [Apache Tomcat/10.1.16]
2024-01-18T20:02:51.093+02:00  INFO 74534 --- [           main] o.a.c.c.C.[Tomcat].[localhost].[/]       : Initializing Spring embedded WebApplicationContext
2024-01-18T20:02:51.094+02:00  INFO 74534 --- [           main] w.s.c.ServletWebServerApplicationContext : Root WebApplicationContext: initialization completed in 484 ms
2024-01-18T20:02:51.144+02:00  INFO 74534 --- [           main] o.hibernate.jpa.internal.util.LogHelper  : HHH000204: Processing PersistenceUnitInfo [name: default]
2024-01-18T20:02:51.151+02:00  INFO 74534 --- [           main] o.h.c.internal.RegionFactoryInitiator    : HHH000026: Second-level cache disabled
2024-01-18T20:02:51.156+02:00  INFO 74534 --- [           main] o.s.o.j.p.SpringPersistenceUnitInfo      : No LoadTimeWeaver setup: ignoring JPA class transformer
2024-01-18T20:02:51.158+02:00  INFO 74534 --- [           main] com.zaxxer.hikari.HikariDataSource       : HikariPool-4 - Starting...
2024-01-18T20:02:51.178+02:00  INFO 74534 --- [           main] com.zaxxer.hikari.pool.HikariPool        : HikariPool-4 - Added connection conn30: url=jdbc:h2:mem:1d3a7b3d-1b3f-4385-bf4d-056f192c9f91 user=SA
2024-01-18T20:02:51.179+02:00  INFO 74534 --- [           main] com.zaxxer.hikari.HikariDataSource       : HikariPool-4 - Start completed.
2024-01-18T20:02:51.181+02:00  WARN 74534 --- [           main] org.hibernate.dialect.Dialect            : HHH000511: The 2.2.0 version for [org.hibernate.dialect.MySQLDialect] is no longer supported, hence certain features may not work properly. The minimum supported version is 5.7.0. Check the community dialects project for available legacy versions.
2024-01-18T20:02:51.182+02:00  WARN 74534 --- [           main] org.hibernate.orm.deprecation            : HHH90000025: MySQLDialect does not need to be specified explicitly using 'hibernate.dialect' (remove the property setting and it will be selected by default)
2024-01-18T20:02:51.374+02:00  INFO 74534 --- [           main] o.h.e.t.j.p.i.JtaPlatformInitiator       : HHH000489: No JTA platform available (set 'hibernate.transaction.jta.platform' to enable JTA platform integration)
Hibernate: 
    create table account (
        account_id integer not null auto_increment,
        account_email varchar(255) not null,
        account_name varchar(255) not null,
        account_password varchar(255) not null,
        account_username varchar(255) not null,
        primary key (account_id)
    ) engine=InnoDB
Hibernate: 
    create table category (
        category_id integer not null auto_increment,
        category_name varchar(255),
        primary key (category_id)
    ) engine=InnoDB
Hibernate: 
    create table country (
        country_id integer not null auto_increment,
        country_name varchar(255),
        primary key (country_id)
    ) engine=InnoDB
Hibernate: 
    create table ingredient (
        ingredient_id integer not null auto_increment,
        ingredient_name varchar(255) not null,
        primary key (ingredient_id)
    ) engine=InnoDB
Hibernate: 
    create table instruction (
        instruction_id integer not null auto_increment,
        instruction_body varchar(255) not null,
        recipe_id integer,
        primary key (instruction_id)
    ) engine=InnoDB
Hibernate: 
    create table measurement (
        measurement_id integer not null auto_increment,
        measurement_amount float(23) not null,
        measurement_ingredient integer,
        measurement_unit integer,
        recipe_id integer,
        primary key (measurement_id)
    ) engine=InnoDB
Hibernate: 
    create table recipe (
        recipe_id integer not null,
        recipe_description varchar(255) not null,
        recipe_do_later bit not null,
        recipe_favourite bit not null,
        recipe_finished bit not null,
        recipe_health_score float(53),
        recipe_image varchar(255) not null,
        recipe_original varchar(255),
        recipe_servings integer not null,
        recipe_time integer not null,
        recipe_title varchar(255) not null,
        recipe_to_do_date date,
        recipe_account integer not null,
        primary key (recipe_id)
    ) engine=InnoDB
Hibernate: 
    create table recipe_category_mapping (
        recipe_category integer not null,
        category_id integer not null
    ) engine=InnoDB
Hibernate: 
    create table recipe_country_mapping (
        recipe_country integer not null,
        country_id integer not null
    ) engine=InnoDB
Hibernate: 
    create table recipe_type_mapping (
        recipe_type integer not null,
        type_id integer not null
    ) engine=InnoDB
Hibernate: 
    create table type (
        type_id integer not null auto_increment,
        type_name varchar(255),
        primary key (type_id)
    ) engine=InnoDB
Hibernate: 
    create table unit (
        unit_id integer not null auto_increment,
        unit_name varchar(255),
        primary key (unit_id)
    ) engine=InnoDB
Hibernate: 
    alter table account 
       drop index UK_o72icrlyfe9jcc61hbgsnmkgr
Hibernate: 
    alter table account 
       add constraint UK_o72icrlyfe9jcc61hbgsnmkgr unique (account_email)
Hibernate: 
    alter table account 
       drop index UK_xtxi9818l59cygi210n8tymn
Hibernate: 
    alter table account 
       add constraint UK_xtxi9818l59cygi210n8tymn unique (account_username)
Hibernate: 
    alter table category 
       drop index UK_lroeo5fvfdeg4hpicn4lw7x9b
Hibernate: 
    alter table category 
       add constraint UK_lroeo5fvfdeg4hpicn4lw7x9b unique (category_name)
Hibernate: 
    alter table country 
       drop index UK_qrkn270121aljmucrdbnmd35p
Hibernate: 
    alter table country 
       add constraint UK_qrkn270121aljmucrdbnmd35p unique (country_name)
Hibernate: 
    alter table ingredient 
       drop index UK_co7ro6kyijhfik027h0y4d3n3
Hibernate: 
    alter table ingredient 
       add constraint UK_co7ro6kyijhfik027h0y4d3n3 unique (ingredient_name)
Hibernate: 
    alter table type 
       drop index UK_f1qndtxdjk0ose1st2rhv1vhx
Hibernate: 
    alter table type 
       add constraint UK_f1qndtxdjk0ose1st2rhv1vhx unique (type_name)
Hibernate: 
    alter table unit 
       drop index UK_da8eog93rhwgf6726q1nftsr6
Hibernate: 
    alter table unit 
       add constraint UK_da8eog93rhwgf6726q1nftsr6 unique (unit_name)
Hibernate: 
    alter table instruction 
       add constraint FKcd28dqk4w4civw4jbswqhde2o 
       foreign key (recipe_id) 
       references recipe (recipe_id) 
       on delete cascade
Hibernate: 
    alter table measurement 
       add constraint FKawbdlt6648183uloeiqg70s5k 
       foreign key (measurement_ingredient) 
       references ingredient (ingredient_id)
Hibernate: 
    alter table measurement 
       add constraint FK4rxkc345jswd5pue43p1op7b6 
       foreign key (measurement_unit) 
       references unit (unit_id)
Hibernate: 
    alter table measurement 
       add constraint FKqptfsbxdmcuodd9wg0ainj5ju 
       foreign key (recipe_id) 
       references recipe (recipe_id) 
       on delete cascade
Hibernate: 
    alter table recipe 
       add constraint FKqce9j5wclvpp7522fkf1jn5p9 
       foreign key (recipe_account) 
       references account (account_id) 
       on delete cascade
Hibernate: 
    alter table recipe_category_mapping 
       add constraint FKo6ic4v041qy0d09yo4lne766d 
       foreign key (category_id) 
       references category (category_id)
Hibernate: 
    alter table recipe_category_mapping 
       add constraint FKpbsaruxxfswifi0t7ekvfg2fd 
       foreign key (recipe_category) 
       references recipe (recipe_id)
Hibernate: 
    alter table recipe_country_mapping 
       add constraint FK483w8krln3o8dynou1xnlnrg9 
       foreign key (country_id) 
       references country (country_id)
Hibernate: 
    alter table recipe_country_mapping 
       add constraint FKc9j7hrj2sxj5bulutbw4ievff 
       foreign key (recipe_country) 
       references recipe (recipe_id)
Hibernate: 
    alter table recipe_type_mapping 
       add constraint FKg27fj1iqigjdffvvcimnaymw1 
       foreign key (type_id) 
       references type (type_id)
Hibernate: 
    alter table recipe_type_mapping 
       add constraint FKdaudly65pqb386464ff72wjvj 
       foreign key (recipe_type) 
       references recipe (recipe_id)
2024-01-18T20:02:51.449+02:00  INFO 74534 --- [           main] j.LocalContainerEntityManagerFactoryBean : Initialized JPA EntityManagerFactory for persistence unit 'default'
2024-01-18T20:02:51.643+02:00  WARN 74534 --- [           main] JpaBaseConfiguration$JpaWebConfiguration : spring.jpa.open-in-view is enabled by default. Therefore, database queries may be performed during view rendering. Explicitly configure spring.jpa.open-in-view to disable this warning
2024-01-18T20:02:51.778+02:00  INFO 74534 --- [           main] o.s.s.web.DefaultSecurityFilterChain     : Will secure any request with [org.springframework.security.web.session.DisableEncodeUrlFilter@2907bf0b, org.springframework.security.web.context.request.async.WebAsyncManagerIntegrationFilter@4194830b, org.springframework.security.web.context.SecurityContextHolderFilter@24e2435f, org.springframework.security.web.header.HeaderWriterFilter@5f55f3d8, org.springframework.web.filter.CorsFilter@7cdf5eed, org.springframework.web.filter.CorsFilter@15764a15, org.springframework.security.web.authentication.logout.LogoutFilter@2ae85262, com.example.recipe.security.JwtAuthFilter@46acc228, org.springframework.security.web.savedrequest.RequestCacheAwareFilter@262ba2aa, org.springframework.security.web.servletapi.SecurityContextHolderAwareRequestFilter@56104e84, org.springframework.security.web.authentication.AnonymousAuthenticationFilter@19d4057, org.springframework.security.web.session.SessionManagementFilter@10ab4afe, org.springframework.security.web.access.ExceptionTranslationFilter@6efd96c7, org.springframework.security.web.access.intercept.AuthorizationFilter@59d8ba8]
2024-01-18T20:02:51.926+02:00  INFO 74534 --- [           main] o.s.b.w.embedded.tomcat.TomcatWebServer  : Tomcat started on port 52514 (http) with context path ''
2024-01-18T20:02:51.929+02:00  INFO 74534 --- [           main] c.e.recipe.recipe.RecipeIntegrationTest  : Started RecipeIntegrationTest in 1.41 seconds (process running for 25.668)
Hibernate: 
    select
        r1_0.recipe_id,
        r1_0.recipe_account,
        r1_0.recipe_description,
        r1_0.recipe_do_later,
        r1_0.recipe_favourite,
        r1_0.recipe_finished,
        r1_0.recipe_health_score,
        r1_0.recipe_image,
        r1_0.recipe_original,
        r1_0.recipe_servings,
        r1_0.recipe_time,
        r1_0.recipe_title,
        r1_0.recipe_to_do_date 
    from
        recipe r1_0
Hibernate: 
    select
        a1_0.account_id,
        a1_0.account_email,
        a1_0.account_name,
        a1_0.account_password,
        a1_0.account_username 
    from
        account a1_0 
    where
        a1_0.account_id=?
2024-01-18T20:02:52.001+02:00  INFO 74534 --- [0-auto-3-exec-1] o.a.c.c.C.[Tomcat].[localhost].[/]       : Initializing Spring DispatcherServlet 'dispatcherServlet'
2024-01-18T20:02:52.001+02:00  INFO 74534 --- [0-auto-3-exec-1] o.s.web.servlet.DispatcherServlet        : Initializing Servlet 'dispatcherServlet'
2024-01-18T20:02:52.002+02:00  INFO 74534 --- [0-auto-3-exec-1] o.s.web.servlet.DispatcherServlet        : Completed initialization in 1 ms
Hibernate: 
    SELECT
        * 
    FROM
        account a 
    WHERE
        a.account_username = ?
2024-01-18T20:02:52.023+02:00  WARN 74534 --- [0-auto-3-exec-1] o.s.w.s.h.HandlerMappingIntrospector     : Cache miss for REQUEST dispatch to '/recipe/add' (previous null). Performing MatchableHandlerMapping lookup. This is logged once only at WARN level, and every time at TRACE.
Hibernate: 
    select
        u1_0.unit_id,
        u1_0.unit_name 
    from
        unit u1_0 
    where
        u1_0.unit_id=?
Hibernate: 
    select
        i1_0.ingredient_id,
        i1_0.ingredient_name 
    from
        ingredient i1_0 
    where
        i1_0.ingredient_id=?
Hibernate: 
    select
        t1_0.type_id,
        t1_0.type_name 
    from
        type t1_0 
    where
        t1_0.type_id=?
Hibernate: 
    select
        c1_0.country_id,
        c1_0.country_name 
    from
        country c1_0 
    where
        c1_0.country_id=?
Hibernate: 
    select
        c1_0.category_id,
        c1_0.category_name 
    from
        category c1_0 
    where
        c1_0.category_id=?
Hibernate: 
    SELECT
        * 
    FROM
        recipe r 
    WHERE
        r.recipe_account = ? 
        AND r.recipe_to_do_date = ?
Hibernate: 
    insert 
    into
        recipe
        (recipe_account, recipe_description, recipe_do_later, recipe_favourite, recipe_finished, recipe_health_score, recipe_image, recipe_original, recipe_servings, recipe_time, recipe_title, recipe_to_do_date, recipe_id) 
    values
        (?, ?, ?, ?, ?, ?, ?, ?, ?, ?, ?, ?, ?)
Hibernate: 
    insert 
    into
        instruction
        (instruction_body) 
    values
        (?)
Hibernate: 
    insert 
    into
        measurement
        (measurement_amount, measurement_ingredient, measurement_unit) 
    values
        (?, ?, ?)
Hibernate: 
    insert 
    into
        recipe_category_mapping
        (recipe_category, category_id) 
    values
        (?, ?)
Hibernate: 
    insert 
    into
        recipe_country_mapping
        (recipe_country, country_id) 
    values
        (?, ?)
Hibernate: 
    update
        instruction 
    set
        recipe_id=? 
    where
        instruction_id=?
Hibernate: 
    update
        measurement 
    set
        recipe_id=? 
    where
        measurement_id=?
Hibernate: 
    insert 
    into
        recipe_type_mapping
        (recipe_type, type_id) 
    values
        (?, ?)
Hibernate: 
    select
        r1_0.recipe_id,
        r1_0.recipe_account,
        r1_0.recipe_description,
        r1_0.recipe_do_later,
        r1_0.recipe_favourite,
        r1_0.recipe_finished,
        r1_0.recipe_health_score,
        r1_0.recipe_image,
        r1_0.recipe_original,
        r1_0.recipe_servings,
        r1_0.recipe_time,
        r1_0.recipe_title,
        r1_0.recipe_to_do_date 
    from
        recipe r1_0
Hibernate: 
    select
        a1_0.account_id,
        a1_0.account_email,
        a1_0.account_name,
        a1_0.account_password,
        a1_0.account_username 
    from
        account a1_0 
    where
        a1_0.account_id=?
2024-01-18T20:02:54.206+02:00  INFO 74534 --- [           main] j.LocalContainerEntityManagerFactoryBean : Closing JPA EntityManagerFactory for persistence unit 'default'
2024-01-18T20:02:54.208+02:00  INFO 74534 --- [           main] com.zaxxer.hikari.HikariDataSource       : HikariPool-4 - Shutdown initiated...
2024-01-18T20:02:54.213+02:00  INFO 74534 --- [           main] com.zaxxer.hikari.HikariDataSource       : HikariPool-4 - Shutdown completed.
]]></system-out>
  </testcase>
  <testcase name="finishRecipeWorks" classname="com.example.recipe.recipe.RecipeIntegrationTest" time="2.223">
    <system-out><![CDATA[
  .   ____          _            __ _ _
 /\\ / ___'_ __ _ _(_)_ __  __ _ \ \ \ \
( ( )\___ | '_ | '_| | '_ \/ _` | \ \ \ \
 \\/  ___)| |_)| | | | | || (_| |  ) ) ) )
  '  |____| .__|_| |_|_| |_\__, | / / / /
 =========|_|==============|___/=/_/_/_/
 :: Spring Boot ::                (v3.2.0)

2024-01-18T20:02:54.286+02:00  INFO 74534 --- [           main] c.e.recipe.recipe.RecipeIntegrationTest  : Starting RecipeIntegrationTest using Java 18.0.2.1 with PID 74534 (started by nellirossi in /Users/nellirossi/Documents/recipes/recipes-backend)
2024-01-18T20:02:54.288+02:00  INFO 74534 --- [           main] c.e.recipe.recipe.RecipeIntegrationTest  : The following 1 profile is active: "test"
2024-01-18T20:02:54.481+02:00  INFO 74534 --- [           main] .s.d.r.c.RepositoryConfigurationDelegate : Bootstrapping Spring Data JPA repositories in DEFAULT mode.
2024-01-18T20:02:54.514+02:00  INFO 74534 --- [           main] .s.d.r.c.RepositoryConfigurationDelegate : Finished Spring Data repository scanning in 33 ms. Found 8 JPA repository interfaces.
2024-01-18T20:02:54.603+02:00  INFO 74534 --- [           main] o.s.b.w.embedded.tomcat.TomcatWebServer  : Tomcat initialized with port 0 (http)
2024-01-18T20:02:54.605+02:00  INFO 74534 --- [           main] o.apache.catalina.core.StandardService   : Starting service [Tomcat]
2024-01-18T20:02:54.605+02:00  INFO 74534 --- [           main] o.apache.catalina.core.StandardEngine    : Starting Servlet engine: [Apache Tomcat/10.1.16]
2024-01-18T20:02:54.623+02:00  INFO 74534 --- [           main] o.a.c.c.C.[Tomcat].[localhost].[/]       : Initializing Spring embedded WebApplicationContext
2024-01-18T20:02:54.623+02:00  INFO 74534 --- [           main] w.s.c.ServletWebServerApplicationContext : Root WebApplicationContext: initialization completed in 333 ms
2024-01-18T20:02:54.695+02:00  INFO 74534 --- [           main] o.hibernate.jpa.internal.util.LogHelper  : HHH000204: Processing PersistenceUnitInfo [name: default]
2024-01-18T20:02:54.699+02:00  INFO 74534 --- [           main] o.h.c.internal.RegionFactoryInitiator    : HHH000026: Second-level cache disabled
2024-01-18T20:02:54.705+02:00  INFO 74534 --- [           main] o.s.o.j.p.SpringPersistenceUnitInfo      : No LoadTimeWeaver setup: ignoring JPA class transformer
2024-01-18T20:02:54.707+02:00  INFO 74534 --- [           main] com.zaxxer.hikari.HikariDataSource       : HikariPool-5 - Starting...
2024-01-18T20:02:54.716+02:00  INFO 74534 --- [           main] com.zaxxer.hikari.pool.HikariPool        : HikariPool-5 - Added connection conn40: url=jdbc:h2:mem:1bfc6820-426e-4fce-bb68-10c22f9be8a9 user=SA
2024-01-18T20:02:54.718+02:00  INFO 74534 --- [           main] com.zaxxer.hikari.HikariDataSource       : HikariPool-5 - Start completed.
2024-01-18T20:02:54.719+02:00  WARN 74534 --- [           main] org.hibernate.dialect.Dialect            : HHH000511: The 2.2.0 version for [org.hibernate.dialect.MySQLDialect] is no longer supported, hence certain features may not work properly. The minimum supported version is 5.7.0. Check the community dialects project for available legacy versions.
2024-01-18T20:02:54.720+02:00  WARN 74534 --- [           main] org.hibernate.orm.deprecation            : HHH90000025: MySQLDialect does not need to be specified explicitly using 'hibernate.dialect' (remove the property setting and it will be selected by default)
2024-01-18T20:02:54.990+02:00  INFO 74534 --- [           main] o.h.e.t.j.p.i.JtaPlatformInitiator       : HHH000489: No JTA platform available (set 'hibernate.transaction.jta.platform' to enable JTA platform integration)
Hibernate: 
    create table account (
        account_id integer not null auto_increment,
        account_email varchar(255) not null,
        account_name varchar(255) not null,
        account_password varchar(255) not null,
        account_username varchar(255) not null,
        primary key (account_id)
    ) engine=InnoDB
Hibernate: 
    create table category (
        category_id integer not null auto_increment,
        category_name varchar(255),
        primary key (category_id)
    ) engine=InnoDB
Hibernate: 
    create table country (
        country_id integer not null auto_increment,
        country_name varchar(255),
        primary key (country_id)
    ) engine=InnoDB
Hibernate: 
    create table ingredient (
        ingredient_id integer not null auto_increment,
        ingredient_name varchar(255) not null,
        primary key (ingredient_id)
    ) engine=InnoDB
Hibernate: 
    create table instruction (
        instruction_id integer not null auto_increment,
        instruction_body varchar(255) not null,
        recipe_id integer,
        primary key (instruction_id)
    ) engine=InnoDB
Hibernate: 
    create table measurement (
        measurement_id integer not null auto_increment,
        measurement_amount float(23) not null,
        measurement_ingredient integer,
        measurement_unit integer,
        recipe_id integer,
        primary key (measurement_id)
    ) engine=InnoDB
Hibernate: 
    create table recipe (
        recipe_id integer not null,
        recipe_description varchar(255) not null,
        recipe_do_later bit not null,
        recipe_favourite bit not null,
        recipe_finished bit not null,
        recipe_health_score float(53),
        recipe_image varchar(255) not null,
        recipe_original varchar(255),
        recipe_servings integer not null,
        recipe_time integer not null,
        recipe_title varchar(255) not null,
        recipe_to_do_date date,
        recipe_account integer not null,
        primary key (recipe_id)
    ) engine=InnoDB
Hibernate: 
    create table recipe_category_mapping (
        recipe_category integer not null,
        category_id integer not null
    ) engine=InnoDB
Hibernate: 
    create table recipe_country_mapping (
        recipe_country integer not null,
        country_id integer not null
    ) engine=InnoDB
Hibernate: 
    create table recipe_type_mapping (
        recipe_type integer not null,
        type_id integer not null
    ) engine=InnoDB
Hibernate: 
    create table type (
        type_id integer not null auto_increment,
        type_name varchar(255),
        primary key (type_id)
    ) engine=InnoDB
Hibernate: 
    create table unit (
        unit_id integer not null auto_increment,
        unit_name varchar(255),
        primary key (unit_id)
    ) engine=InnoDB
Hibernate: 
    alter table account 
       drop index UK_o72icrlyfe9jcc61hbgsnmkgr
Hibernate: 
    alter table account 
       add constraint UK_o72icrlyfe9jcc61hbgsnmkgr unique (account_email)
Hibernate: 
    alter table account 
       drop index UK_xtxi9818l59cygi210n8tymn
Hibernate: 
    alter table account 
       add constraint UK_xtxi9818l59cygi210n8tymn unique (account_username)
Hibernate: 
    alter table category 
       drop index UK_lroeo5fvfdeg4hpicn4lw7x9b
Hibernate: 
    alter table category 
       add constraint UK_lroeo5fvfdeg4hpicn4lw7x9b unique (category_name)
Hibernate: 
    alter table country 
       drop index UK_qrkn270121aljmucrdbnmd35p
Hibernate: 
    alter table country 
       add constraint UK_qrkn270121aljmucrdbnmd35p unique (country_name)
Hibernate: 
    alter table ingredient 
       drop index UK_co7ro6kyijhfik027h0y4d3n3
Hibernate: 
    alter table ingredient 
       add constraint UK_co7ro6kyijhfik027h0y4d3n3 unique (ingredient_name)
Hibernate: 
    alter table type 
       drop index UK_f1qndtxdjk0ose1st2rhv1vhx
Hibernate: 
    alter table type 
       add constraint UK_f1qndtxdjk0ose1st2rhv1vhx unique (type_name)
Hibernate: 
    alter table unit 
       drop index UK_da8eog93rhwgf6726q1nftsr6
Hibernate: 
    alter table unit 
       add constraint UK_da8eog93rhwgf6726q1nftsr6 unique (unit_name)
Hibernate: 
    alter table instruction 
       add constraint FKcd28dqk4w4civw4jbswqhde2o 
       foreign key (recipe_id) 
       references recipe (recipe_id) 
       on delete cascade
Hibernate: 
    alter table measurement 
       add constraint FKawbdlt6648183uloeiqg70s5k 
       foreign key (measurement_ingredient) 
       references ingredient (ingredient_id)
Hibernate: 
    alter table measurement 
       add constraint FK4rxkc345jswd5pue43p1op7b6 
       foreign key (measurement_unit) 
       references unit (unit_id)
Hibernate: 
    alter table measurement 
       add constraint FKqptfsbxdmcuodd9wg0ainj5ju 
       foreign key (recipe_id) 
       references recipe (recipe_id) 
       on delete cascade
Hibernate: 
    alter table recipe 
       add constraint FKqce9j5wclvpp7522fkf1jn5p9 
       foreign key (recipe_account) 
       references account (account_id) 
       on delete cascade
Hibernate: 
    alter table recipe_category_mapping 
       add constraint FKo6ic4v041qy0d09yo4lne766d 
       foreign key (category_id) 
       references category (category_id)
Hibernate: 
    alter table recipe_category_mapping 
       add constraint FKpbsaruxxfswifi0t7ekvfg2fd 
       foreign key (recipe_category) 
       references recipe (recipe_id)
Hibernate: 
    alter table recipe_country_mapping 
       add constraint FK483w8krln3o8dynou1xnlnrg9 
       foreign key (country_id) 
       references country (country_id)
Hibernate: 
    alter table recipe_country_mapping 
       add constraint FKc9j7hrj2sxj5bulutbw4ievff 
       foreign key (recipe_country) 
       references recipe (recipe_id)
Hibernate: 
    alter table recipe_type_mapping 
       add constraint FKg27fj1iqigjdffvvcimnaymw1 
       foreign key (type_id) 
       references type (type_id)
Hibernate: 
    alter table recipe_type_mapping 
       add constraint FKdaudly65pqb386464ff72wjvj 
       foreign key (recipe_type) 
       references recipe (recipe_id)
2024-01-18T20:02:55.064+02:00  INFO 74534 --- [           main] j.LocalContainerEntityManagerFactoryBean : Initialized JPA EntityManagerFactory for persistence unit 'default'
2024-01-18T20:02:55.469+02:00  WARN 74534 --- [           main] JpaBaseConfiguration$JpaWebConfiguration : spring.jpa.open-in-view is enabled by default. Therefore, database queries may be performed during view rendering. Explicitly configure spring.jpa.open-in-view to disable this warning
2024-01-18T20:02:55.608+02:00  INFO 74534 --- [           main] o.s.s.web.DefaultSecurityFilterChain     : Will secure any request with [org.springframework.security.web.session.DisableEncodeUrlFilter@1302230f, org.springframework.security.web.context.request.async.WebAsyncManagerIntegrationFilter@870cde1, org.springframework.security.web.context.SecurityContextHolderFilter@1bdfa51f, org.springframework.security.web.header.HeaderWriterFilter@7f4f3ae4, org.springframework.web.filter.CorsFilter@abbe7b3, org.springframework.web.filter.CorsFilter@179695c7, org.springframework.security.web.authentication.logout.LogoutFilter@11014d1b, com.example.recipe.security.JwtAuthFilter@4589a694, org.springframework.security.web.savedrequest.RequestCacheAwareFilter@55b0d752, org.springframework.security.web.servletapi.SecurityContextHolderAwareRequestFilter@532e4f1a, org.springframework.security.web.authentication.AnonymousAuthenticationFilter@150ec661, org.springframework.security.web.session.SessionManagementFilter@6d292672, org.springframework.security.web.access.ExceptionTranslationFilter@79a6e0e6, org.springframework.security.web.access.intercept.AuthorizationFilter@63afc3e0]
2024-01-18T20:02:55.741+02:00  INFO 74534 --- [           main] o.s.b.w.embedded.tomcat.TomcatWebServer  : Tomcat started on port 52517 (http) with context path ''
2024-01-18T20:02:55.752+02:00  INFO 74534 --- [           main] c.e.recipe.recipe.RecipeIntegrationTest  : Started RecipeIntegrationTest in 1.524 seconds (process running for 29.491)
Hibernate: 
    select
        r1_0.recipe_id,
        r1_0.recipe_account,
        a1_0.account_id,
        a1_0.account_email,
        a1_0.account_name,
        a1_0.account_password,
        a1_0.account_username,
        r1_0.recipe_description,
        r1_0.recipe_do_later,
        r1_0.recipe_favourite,
        r1_0.recipe_finished,
        r1_0.recipe_health_score,
        r1_0.recipe_image,
        r1_0.recipe_original,
        r1_0.recipe_servings,
        r1_0.recipe_time,
        r1_0.recipe_title,
        r1_0.recipe_to_do_date 
    from
        recipe r1_0 
    join
        account a1_0 
            on a1_0.account_id=r1_0.recipe_account 
    where
        r1_0.recipe_id=?
2024-01-18T20:02:55.825+02:00  INFO 74534 --- [0-auto-4-exec-1] o.a.c.c.C.[Tomcat].[localhost].[/]       : Initializing Spring DispatcherServlet 'dispatcherServlet'
2024-01-18T20:02:55.825+02:00  INFO 74534 --- [0-auto-4-exec-1] o.s.web.servlet.DispatcherServlet        : Initializing Servlet 'dispatcherServlet'
2024-01-18T20:02:55.826+02:00  INFO 74534 --- [0-auto-4-exec-1] o.s.web.servlet.DispatcherServlet        : Completed initialization in 1 ms
Hibernate: 
    SELECT
        * 
    FROM
        account a 
    WHERE
        a.account_username = ?
2024-01-18T20:02:55.841+02:00  WARN 74534 --- [0-auto-4-exec-1] o.s.w.s.h.HandlerMappingIntrospector     : Cache miss for REQUEST dispatch to '/recipe/set/finished' (previous null). Performing MatchableHandlerMapping lookup. This is logged once only at WARN level, and every time at TRACE.
Hibernate: 
    select
        r1_0.recipe_id,
        r1_0.recipe_account,
        a1_0.account_id,
        a1_0.account_email,
        a1_0.account_name,
        a1_0.account_password,
        a1_0.account_username,
        r1_0.recipe_description,
        r1_0.recipe_do_later,
        r1_0.recipe_favourite,
        r1_0.recipe_finished,
        r1_0.recipe_health_score,
        r1_0.recipe_image,
        r1_0.recipe_original,
        r1_0.recipe_servings,
        r1_0.recipe_time,
        r1_0.recipe_title,
        r1_0.recipe_to_do_date 
    from
        recipe r1_0 
    join
        account a1_0 
            on a1_0.account_id=r1_0.recipe_account 
    where
        r1_0.recipe_id=?
Hibernate: 
    update
        recipe 
    set
        recipe_account=?,
        recipe_description=?,
        recipe_do_later=?,
        recipe_favourite=?,
        recipe_finished=?,
        recipe_health_score=?,
        recipe_image=?,
        recipe_original=?,
        recipe_servings=?,
        recipe_time=?,
        recipe_title=?,
        recipe_to_do_date=? 
    where
        recipe_id=?
Hibernate: 
    select
        r1_0.recipe_id,
        r1_0.recipe_account,
        a1_0.account_id,
        a1_0.account_email,
        a1_0.account_name,
        a1_0.account_password,
        a1_0.account_username,
        r1_0.recipe_description,
        r1_0.recipe_do_later,
        r1_0.recipe_favourite,
        r1_0.recipe_finished,
        r1_0.recipe_health_score,
        r1_0.recipe_image,
        r1_0.recipe_original,
        r1_0.recipe_servings,
        r1_0.recipe_time,
        r1_0.recipe_title,
        r1_0.recipe_to_do_date 
    from
        recipe r1_0 
    join
        account a1_0 
            on a1_0.account_id=r1_0.recipe_account 
    where
        r1_0.recipe_id=?
2024-01-18T20:02:57.962+02:00  INFO 74534 --- [           main] j.LocalContainerEntityManagerFactoryBean : Closing JPA EntityManagerFactory for persistence unit 'default'
2024-01-18T20:02:57.969+02:00  INFO 74534 --- [           main] com.zaxxer.hikari.HikariDataSource       : HikariPool-5 - Shutdown initiated...
2024-01-18T20:02:57.973+02:00  INFO 74534 --- [           main] com.zaxxer.hikari.HikariDataSource       : HikariPool-5 - Shutdown completed.
]]></system-out>
  </testcase>
  <testcase name="searchRecipeWorks" classname="com.example.recipe.recipe.RecipeIntegrationTest" time="2.244">
    <system-out><![CDATA[
  .   ____          _            __ _ _
 /\\ / ___'_ __ _ _(_)_ __  __ _ \ \ \ \
( ( )\___ | '_ | '_| | '_ \/ _` | \ \ \ \
 \\/  ___)| |_)| | | | | || (_| |  ) ) ) )
  '  |____| .__|_| |_|_| |_\__, | / / / /
 =========|_|==============|___/=/_/_/_/
 :: Spring Boot ::                (v3.2.0)

2024-01-18T20:02:58.039+02:00  INFO 74534 --- [           main] c.e.recipe.recipe.RecipeIntegrationTest  : Starting RecipeIntegrationTest using Java 18.0.2.1 with PID 74534 (started by nellirossi in /Users/nellirossi/Documents/recipes/recipes-backend)
2024-01-18T20:02:58.040+02:00  INFO 74534 --- [           main] c.e.recipe.recipe.RecipeIntegrationTest  : The following 1 profile is active: "test"
2024-01-18T20:02:58.305+02:00  INFO 74534 --- [           main] .s.d.r.c.RepositoryConfigurationDelegate : Bootstrapping Spring Data JPA repositories in DEFAULT mode.
2024-01-18T20:02:58.362+02:00  INFO 74534 --- [           main] .s.d.r.c.RepositoryConfigurationDelegate : Finished Spring Data repository scanning in 52 ms. Found 8 JPA repository interfaces.
2024-01-18T20:02:58.529+02:00  INFO 74534 --- [           main] o.s.b.w.embedded.tomcat.TomcatWebServer  : Tomcat initialized with port 0 (http)
2024-01-18T20:02:58.534+02:00  INFO 74534 --- [           main] o.apache.catalina.core.StandardService   : Starting service [Tomcat]
2024-01-18T20:02:58.535+02:00  INFO 74534 --- [           main] o.apache.catalina.core.StandardEngine    : Starting Servlet engine: [Apache Tomcat/10.1.16]
2024-01-18T20:02:58.558+02:00  INFO 74534 --- [           main] o.a.c.c.C.[Tomcat].[localhost].[/]       : Initializing Spring embedded WebApplicationContext
2024-01-18T20:02:58.558+02:00  INFO 74534 --- [           main] w.s.c.ServletWebServerApplicationContext : Root WebApplicationContext: initialization completed in 515 ms
2024-01-18T20:02:58.605+02:00  INFO 74534 --- [           main] o.hibernate.jpa.internal.util.LogHelper  : HHH000204: Processing PersistenceUnitInfo [name: default]
2024-01-18T20:02:58.611+02:00  INFO 74534 --- [           main] o.h.c.internal.RegionFactoryInitiator    : HHH000026: Second-level cache disabled
2024-01-18T20:02:58.617+02:00  INFO 74534 --- [           main] o.s.o.j.p.SpringPersistenceUnitInfo      : No LoadTimeWeaver setup: ignoring JPA class transformer
2024-01-18T20:02:58.618+02:00  INFO 74534 --- [           main] com.zaxxer.hikari.HikariDataSource       : HikariPool-6 - Starting...
2024-01-18T20:02:58.642+02:00  INFO 74534 --- [           main] com.zaxxer.hikari.pool.HikariPool        : HikariPool-6 - Added connection conn50: url=jdbc:h2:mem:69a34412-043b-420f-8dd9-2f58cbc3562e user=SA
2024-01-18T20:02:58.642+02:00  INFO 74534 --- [           main] com.zaxxer.hikari.HikariDataSource       : HikariPool-6 - Start completed.
2024-01-18T20:02:58.645+02:00  WARN 74534 --- [           main] org.hibernate.dialect.Dialect            : HHH000511: The 2.2.0 version for [org.hibernate.dialect.MySQLDialect] is no longer supported, hence certain features may not work properly. The minimum supported version is 5.7.0. Check the community dialects project for available legacy versions.
2024-01-18T20:02:58.645+02:00  WARN 74534 --- [           main] org.hibernate.orm.deprecation            : HHH90000025: MySQLDialect does not need to be specified explicitly using 'hibernate.dialect' (remove the property setting and it will be selected by default)
2024-01-18T20:02:58.839+02:00  INFO 74534 --- [           main] o.h.e.t.j.p.i.JtaPlatformInitiator       : HHH000489: No JTA platform available (set 'hibernate.transaction.jta.platform' to enable JTA platform integration)
Hibernate: 
    create table account (
        account_id integer not null auto_increment,
        account_email varchar(255) not null,
        account_name varchar(255) not null,
        account_password varchar(255) not null,
        account_username varchar(255) not null,
        primary key (account_id)
    ) engine=InnoDB
Hibernate: 
    create table category (
        category_id integer not null auto_increment,
        category_name varchar(255),
        primary key (category_id)
    ) engine=InnoDB
Hibernate: 
    create table country (
        country_id integer not null auto_increment,
        country_name varchar(255),
        primary key (country_id)
    ) engine=InnoDB
Hibernate: 
    create table ingredient (
        ingredient_id integer not null auto_increment,
        ingredient_name varchar(255) not null,
        primary key (ingredient_id)
    ) engine=InnoDB
Hibernate: 
    create table instruction (
        instruction_id integer not null auto_increment,
        instruction_body varchar(255) not null,
        recipe_id integer,
        primary key (instruction_id)
    ) engine=InnoDB
Hibernate: 
    create table measurement (
        measurement_id integer not null auto_increment,
        measurement_amount float(23) not null,
        measurement_ingredient integer,
        measurement_unit integer,
        recipe_id integer,
        primary key (measurement_id)
    ) engine=InnoDB
Hibernate: 
    create table recipe (
        recipe_id integer not null,
        recipe_description varchar(255) not null,
        recipe_do_later bit not null,
        recipe_favourite bit not null,
        recipe_finished bit not null,
        recipe_health_score float(53),
        recipe_image varchar(255) not null,
        recipe_original varchar(255),
        recipe_servings integer not null,
        recipe_time integer not null,
        recipe_title varchar(255) not null,
        recipe_to_do_date date,
        recipe_account integer not null,
        primary key (recipe_id)
    ) engine=InnoDB
Hibernate: 
    create table recipe_category_mapping (
        recipe_category integer not null,
        category_id integer not null
    ) engine=InnoDB
Hibernate: 
    create table recipe_country_mapping (
        recipe_country integer not null,
        country_id integer not null
    ) engine=InnoDB
Hibernate: 
    create table recipe_type_mapping (
        recipe_type integer not null,
        type_id integer not null
    ) engine=InnoDB
Hibernate: 
    create table type (
        type_id integer not null auto_increment,
        type_name varchar(255),
        primary key (type_id)
    ) engine=InnoDB
Hibernate: 
    create table unit (
        unit_id integer not null auto_increment,
        unit_name varchar(255),
        primary key (unit_id)
    ) engine=InnoDB
Hibernate: 
    alter table account 
       drop index UK_o72icrlyfe9jcc61hbgsnmkgr
Hibernate: 
    alter table account 
       add constraint UK_o72icrlyfe9jcc61hbgsnmkgr unique (account_email)
Hibernate: 
    alter table account 
       drop index UK_xtxi9818l59cygi210n8tymn
Hibernate: 
    alter table account 
       add constraint UK_xtxi9818l59cygi210n8tymn unique (account_username)
Hibernate: 
    alter table category 
       drop index UK_lroeo5fvfdeg4hpicn4lw7x9b
Hibernate: 
    alter table category 
       add constraint UK_lroeo5fvfdeg4hpicn4lw7x9b unique (category_name)
Hibernate: 
    alter table country 
       drop index UK_qrkn270121aljmucrdbnmd35p
Hibernate: 
    alter table country 
       add constraint UK_qrkn270121aljmucrdbnmd35p unique (country_name)
Hibernate: 
    alter table ingredient 
       drop index UK_co7ro6kyijhfik027h0y4d3n3
Hibernate: 
    alter table ingredient 
       add constraint UK_co7ro6kyijhfik027h0y4d3n3 unique (ingredient_name)
Hibernate: 
    alter table type 
       drop index UK_f1qndtxdjk0ose1st2rhv1vhx
Hibernate: 
    alter table type 
       add constraint UK_f1qndtxdjk0ose1st2rhv1vhx unique (type_name)
Hibernate: 
    alter table unit 
       drop index UK_da8eog93rhwgf6726q1nftsr6
Hibernate: 
    alter table unit 
       add constraint UK_da8eog93rhwgf6726q1nftsr6 unique (unit_name)
Hibernate: 
    alter table instruction 
       add constraint FKcd28dqk4w4civw4jbswqhde2o 
       foreign key (recipe_id) 
       references recipe (recipe_id) 
       on delete cascade
Hibernate: 
    alter table measurement 
       add constraint FKawbdlt6648183uloeiqg70s5k 
       foreign key (measurement_ingredient) 
       references ingredient (ingredient_id)
Hibernate: 
    alter table measurement 
       add constraint FK4rxkc345jswd5pue43p1op7b6 
       foreign key (measurement_unit) 
       references unit (unit_id)
Hibernate: 
    alter table measurement 
       add constraint FKqptfsbxdmcuodd9wg0ainj5ju 
       foreign key (recipe_id) 
       references recipe (recipe_id) 
       on delete cascade
Hibernate: 
    alter table recipe 
       add constraint FKqce9j5wclvpp7522fkf1jn5p9 
       foreign key (recipe_account) 
       references account (account_id) 
       on delete cascade
Hibernate: 
    alter table recipe_category_mapping 
       add constraint FKo6ic4v041qy0d09yo4lne766d 
       foreign key (category_id) 
       references category (category_id)
Hibernate: 
    alter table recipe_category_mapping 
       add constraint FKpbsaruxxfswifi0t7ekvfg2fd 
       foreign key (recipe_category) 
       references recipe (recipe_id)
Hibernate: 
    alter table recipe_country_mapping 
       add constraint FK483w8krln3o8dynou1xnlnrg9 
       foreign key (country_id) 
       references country (country_id)
Hibernate: 
    alter table recipe_country_mapping 
       add constraint FKc9j7hrj2sxj5bulutbw4ievff 
       foreign key (recipe_country) 
       references recipe (recipe_id)
Hibernate: 
    alter table recipe_type_mapping 
       add constraint FKg27fj1iqigjdffvvcimnaymw1 
       foreign key (type_id) 
       references type (type_id)
Hibernate: 
    alter table recipe_type_mapping 
       add constraint FKdaudly65pqb386464ff72wjvj 
       foreign key (recipe_type) 
       references recipe (recipe_id)
2024-01-18T20:02:58.886+02:00  INFO 74534 --- [           main] j.LocalContainerEntityManagerFactoryBean : Initialized JPA EntityManagerFactory for persistence unit 'default'
2024-01-18T20:02:59.042+02:00  WARN 74534 --- [           main] JpaBaseConfiguration$JpaWebConfiguration : spring.jpa.open-in-view is enabled by default. Therefore, database queries may be performed during view rendering. Explicitly configure spring.jpa.open-in-view to disable this warning
2024-01-18T20:02:59.140+02:00  INFO 74534 --- [           main] o.s.s.web.DefaultSecurityFilterChain     : Will secure any request with [org.springframework.security.web.session.DisableEncodeUrlFilter@606b291b, org.springframework.security.web.context.request.async.WebAsyncManagerIntegrationFilter@5bf3e120, org.springframework.security.web.context.SecurityContextHolderFilter@370689b5, org.springframework.security.web.header.HeaderWriterFilter@71c90ddf, org.springframework.web.filter.CorsFilter@7ddc5ec6, org.springframework.web.filter.CorsFilter@55367c8, org.springframework.security.web.authentication.logout.LogoutFilter@505d6fd1, com.example.recipe.security.JwtAuthFilter@9c125f4, org.springframework.security.web.savedrequest.RequestCacheAwareFilter@6576eba4, org.springframework.security.web.servletapi.SecurityContextHolderAwareRequestFilter@5ce8b520, org.springframework.security.web.authentication.AnonymousAuthenticationFilter@3c49b588, org.springframework.security.web.session.SessionManagementFilter@6bac8bd9, org.springframework.security.web.access.ExceptionTranslationFilter@6dd7feb7, org.springframework.security.web.access.intercept.AuthorizationFilter@1bfc6174]
2024-01-18T20:02:59.274+02:00  INFO 74534 --- [           main] o.s.b.w.embedded.tomcat.TomcatWebServer  : Tomcat started on port 52520 (http) with context path ''
2024-01-18T20:02:59.279+02:00  INFO 74534 --- [           main] c.e.recipe.recipe.RecipeIntegrationTest  : Started RecipeIntegrationTest in 1.284 seconds (process running for 33.017)
2024-01-18T20:02:59.316+02:00  INFO 74534 --- [0-auto-5-exec-1] o.a.c.c.C.[Tomcat].[localhost].[/]       : Initializing Spring DispatcherServlet 'dispatcherServlet'
2024-01-18T20:02:59.317+02:00  INFO 74534 --- [0-auto-5-exec-1] o.s.web.servlet.DispatcherServlet        : Initializing Servlet 'dispatcherServlet'
2024-01-18T20:02:59.317+02:00  INFO 74534 --- [0-auto-5-exec-1] o.s.web.servlet.DispatcherServlet        : Completed initialization in 0 ms
Hibernate: 
    SELECT
        * 
    FROM
        account a 
    WHERE
        a.account_username = ?
2024-01-18T20:02:59.340+02:00  WARN 74534 --- [0-auto-5-exec-1] o.s.w.s.h.HandlerMappingIntrospector     : Cache miss for REQUEST dispatch to '/recipe/get/api/search' (previous null). Performing MatchableHandlerMapping lookup. This is logged once only at WARN level, and every time at TRACE.
2024-01-18T20:03:01.514+02:00  INFO 74534 --- [           main] j.LocalContainerEntityManagerFactoryBean : Closing JPA EntityManagerFactory for persistence unit 'default'
2024-01-18T20:03:01.520+02:00  INFO 74534 --- [           main] com.zaxxer.hikari.HikariDataSource       : HikariPool-6 - Shutdown initiated...
2024-01-18T20:03:01.524+02:00  INFO 74534 --- [           main] com.zaxxer.hikari.HikariDataSource       : HikariPool-6 - Shutdown completed.
]]></system-out>
  </testcase>
  <testcase name="getRecipeByDateWorks" classname="com.example.recipe.recipe.RecipeIntegrationTest" time="2.173">
    <system-out><![CDATA[
  .   ____          _            __ _ _
 /\\ / ___'_ __ _ _(_)_ __  __ _ \ \ \ \
( ( )\___ | '_ | '_| | '_ \/ _` | \ \ \ \
 \\/  ___)| |_)| | | | | || (_| |  ) ) ) )
  '  |____| .__|_| |_|_| |_\__, | / / / /
 =========|_|==============|___/=/_/_/_/
 :: Spring Boot ::                (v3.2.0)

2024-01-18T20:03:01.592+02:00  INFO 74534 --- [           main] c.e.recipe.recipe.RecipeIntegrationTest  : Starting RecipeIntegrationTest using Java 18.0.2.1 with PID 74534 (started by nellirossi in /Users/nellirossi/Documents/recipes/recipes-backend)
2024-01-18T20:03:01.592+02:00  INFO 74534 --- [           main] c.e.recipe.recipe.RecipeIntegrationTest  : The following 1 profile is active: "test"
2024-01-18T20:03:01.786+02:00  INFO 74534 --- [           main] .s.d.r.c.RepositoryConfigurationDelegate : Bootstrapping Spring Data JPA repositories in DEFAULT mode.
2024-01-18T20:03:01.808+02:00  INFO 74534 --- [           main] .s.d.r.c.RepositoryConfigurationDelegate : Finished Spring Data repository scanning in 21 ms. Found 8 JPA repository interfaces.
2024-01-18T20:03:01.916+02:00  INFO 74534 --- [           main] o.s.b.w.embedded.tomcat.TomcatWebServer  : Tomcat initialized with port 0 (http)
2024-01-18T20:03:01.917+02:00  INFO 74534 --- [           main] o.apache.catalina.core.StandardService   : Starting service [Tomcat]
2024-01-18T20:03:01.917+02:00  INFO 74534 --- [           main] o.apache.catalina.core.StandardEngine    : Starting Servlet engine: [Apache Tomcat/10.1.16]
2024-01-18T20:03:01.928+02:00  INFO 74534 --- [           main] o.a.c.c.C.[Tomcat].[localhost].[/]       : Initializing Spring embedded WebApplicationContext
2024-01-18T20:03:01.928+02:00  INFO 74534 --- [           main] w.s.c.ServletWebServerApplicationContext : Root WebApplicationContext: initialization completed in 334 ms
2024-01-18T20:03:01.968+02:00  INFO 74534 --- [           main] o.hibernate.jpa.internal.util.LogHelper  : HHH000204: Processing PersistenceUnitInfo [name: default]
2024-01-18T20:03:01.971+02:00  INFO 74534 --- [           main] o.h.c.internal.RegionFactoryInitiator    : HHH000026: Second-level cache disabled
2024-01-18T20:03:01.975+02:00  INFO 74534 --- [           main] o.s.o.j.p.SpringPersistenceUnitInfo      : No LoadTimeWeaver setup: ignoring JPA class transformer
[...]
Hibernate: 
    SELECT
        * 
    FROM
        account a 
    WHERE
        a.account_username = ?
2024-01-18T20:03:19.128+02:00  WARN 74534 --- [-auto-11-exec-1] o.s.w.s.h.HandlerMappingIntrospector     : Cache miss for REQUEST dispatch to '/recipe/del' (previous null). Performing MatchableHandlerMapping lookup. This is logged once only at WARN level, and every time at TRACE.
Hibernate: 
    select
        r1_0.recipe_id,
        r1_0.recipe_account,
        a1_0.account_id,
        a1_0.account_email,
        a1_0.account_name,
        a1_0.account_password,
        a1_0.account_username,
        r1_0.recipe_description,
        r1_0.recipe_do_later,
        r1_0.recipe_favourite,
        r1_0.recipe_finished,
        r1_0.recipe_health_score,
        r1_0.recipe_image,
        r1_0.recipe_original,
        r1_0.recipe_servings,
        r1_0.recipe_time,
        r1_0.recipe_title,
        r1_0.recipe_to_do_date 
    from
        recipe r1_0 
    join
        account a1_0 
            on a1_0.account_id=r1_0.recipe_account 
    where
        r1_0.recipe_id=?
Hibernate: 
    select
        c1_0.recipe_country,
        c1_1.country_id,
        c1_1.country_name 
    from
        recipe_country_mapping c1_0 
    join
        country c1_1 
            on c1_1.country_id=c1_0.country_id 
    where
        c1_0.recipe_country=?
Hibernate: 
    select
        t1_0.recipe_type,
        t1_1.type_id,
        t1_1.type_name 
    from
        recipe_type_mapping t1_0 
    join
        type t1_1 
            on t1_1.type_id=t1_0.type_id 
    where
        t1_0.recipe_type=?
Hibernate: 
    select
        c1_0.recipe_category,
        c1_1.category_id,
        c1_1.category_name 
    from
        recipe_category_mapping c1_0 
    join
        category c1_1 
            on c1_1.category_id=c1_0.category_id 
    where
        c1_0.recipe_category=?
Hibernate: 
    select
        i1_0.recipe_id,
        i1_0.instruction_id,
        i1_0.instruction_body 
    from
        instruction i1_0 
    where
        i1_0.recipe_id=?
Hibernate: 
    select
        m1_0.recipe_id,
        m1_0.measurement_id,
        m1_0.measurement_amount,
        i1_0.ingredient_id,
        i1_0.ingredient_name,
        u1_0.unit_id,
        u1_0.unit_name 
    from
        measurement m1_0 
    left join
        ingredient i1_0 
            on i1_0.ingredient_id=m1_0.measurement_ingredient 
    left join
        unit u1_0 
            on u1_0.unit_id=m1_0.measurement_unit 
    where
        m1_0.recipe_id=?
Hibernate: 
    delete 
    from
        recipe_category_mapping 
    where
        recipe_category=?
Hibernate: 
    delete 
    from
        recipe_country_mapping 
    where
        recipe_country=?
Hibernate: 
    update
        instruction 
    set
        recipe_id=null 
    where
        recipe_id=?
Hibernate: 
    update
        measurement 
    set
        recipe_id=null 
    where
        recipe_id=?
Hibernate: 
    delete 
    from
        recipe_type_mapping 
    where
        recipe_type=?
Hibernate: 
    delete 
    from
        recipe 
    where
        recipe_id=?
Hibernate: 
    select
        r1_0.recipe_id,
        r1_0.recipe_account,
        r1_0.recipe_description,
        r1_0.recipe_do_later,
        r1_0.recipe_favourite,
        r1_0.recipe_finished,
        r1_0.recipe_health_score,
        r1_0.recipe_image,
        r1_0.recipe_original,
        r1_0.recipe_servings,
        r1_0.recipe_time,
        r1_0.recipe_title,
        r1_0.recipe_to_do_date 
    from
        recipe r1_0
Hibernate: 
    select
        a1_0.account_id,
        a1_0.account_email,
        a1_0.account_name,
        a1_0.account_password,
        a1_0.account_username 
    from
        account a1_0 
    where
        a1_0.account_id=?
2024-01-18T20:03:21.267+02:00  INFO 74534 --- [           main] j.LocalContainerEntityManagerFactoryBean : Closing JPA EntityManagerFactory for persistence unit 'default'
2024-01-18T20:03:21.270+02:00  INFO 74534 --- [           main] com.zaxxer.hikari.HikariDataSource       : HikariPool-12 - Shutdown initiated...
2024-01-18T20:03:21.273+02:00  INFO 74534 --- [           main] com.zaxxer.hikari.HikariDataSource       : HikariPool-12 - Shutdown completed.
]]></system-out>
  </testcase>
  <testcase name="doLaterRecipeWorks" classname="com.example.recipe.recipe.RecipeIntegrationTest" time="2.133">
    <system-out><![CDATA[
  .   ____          _            __ _ _
 /\\ / ___'_ __ _ _(_)_ __  __ _ \ \ \ \
( ( )\___ | '_ | '_| | '_ \/ _` | \ \ \ \
 \\/  ___)| |_)| | | | | || (_| |  ) ) ) )
  '  |____| .__|_| |_|_| |_\__, | / / / /
 =========|_|==============|___/=/_/_/_/
 :: Spring Boot ::                (v3.2.0)

2024-01-18T20:03:21.323+02:00  INFO 74534 --- [           main] c.e.recipe.recipe.RecipeIntegrationTest  : Starting RecipeIntegrationTest using Java 18.0.2.1 with PID 74534 (started by nellirossi in /Users/nellirossi/Documents/recipes/recipes-backend)
2024-01-18T20:03:21.323+02:00  INFO 74534 --- [           main] c.e.recipe.recipe.RecipeIntegrationTest  : The following 1 profile is active: "test"
2024-01-18T20:03:21.458+02:00  INFO 74534 --- [           main] .s.d.r.c.RepositoryConfigurationDelegate : Bootstrapping Spring Data JPA repositories in DEFAULT mode.
2024-01-18T20:03:21.475+02:00  INFO 74534 --- [           main] .s.d.r.c.RepositoryConfigurationDelegate : Finished Spring Data repository scanning in 16 ms. Found 8 JPA repository interfaces.
2024-01-18T20:03:21.534+02:00  INFO 74534 --- [           main] o.s.b.w.embedded.tomcat.TomcatWebServer  : Tomcat initialized with port 0 (http)
2024-01-18T20:03:21.535+02:00  INFO 74534 --- [           main] o.apache.catalina.core.StandardService   : Starting service [Tomcat]
2024-01-18T20:03:21.535+02:00  INFO 74534 --- [           main] o.apache.catalina.core.StandardEngine    : Starting Servlet engine: [Apache Tomcat/10.1.16]
2024-01-18T20:03:21.546+02:00  INFO 74534 --- [           main] o.a.c.c.C.[Tomcat].[localhost].[/]       : Initializing Spring embedded WebApplicationContext
2024-01-18T20:03:21.547+02:00  INFO 74534 --- [           main] w.s.c.ServletWebServerApplicationContext : Root WebApplicationContext: initialization completed in 222 ms
2024-01-18T20:03:21.583+02:00  INFO 74534 --- [           main] o.hibernate.jpa.internal.util.LogHelper  : HHH000204: Processing PersistenceUnitInfo [name: default]
2024-01-18T20:03:21.586+02:00  INFO 74534 --- [           main] o.h.c.internal.RegionFactoryInitiator    : HHH000026: Second-level cache disabled
2024-01-18T20:03:21.589+02:00  INFO 74534 --- [           main] o.s.o.j.p.SpringPersistenceUnitInfo      : No LoadTimeWeaver setup: ignoring JPA class transformer
2024-01-18T20:03:21.590+02:00  INFO 74534 --- [           main] com.zaxxer.hikari.HikariDataSource       : HikariPool-13 - Starting...
2024-01-18T20:03:21.595+02:00  INFO 74534 --- [           main] com.zaxxer.hikari.pool.HikariPool        : HikariPool-13 - Added connection conn120: url=jdbc:h2:mem:126a6627-0647-41e9-995c-0035b7b7f112 user=SA
2024-01-18T20:03:21.595+02:00  INFO 74534 --- [           main] com.zaxxer.hikari.HikariDataSource       : HikariPool-13 - Start completed.
2024-01-18T20:03:21.595+02:00  WARN 74534 --- [           main] org.hibernate.dialect.Dialect            : HHH000511: The 2.2.0 version for [org.hibernate.dialect.MySQLDialect] is no longer supported, hence certain features may not work properly. The minimum supported version is 5.7.0. Check the community dialects project for available legacy versions.
2024-01-18T20:03:21.596+02:00  WARN 74534 --- [           main] org.hibernate.orm.deprecation            : HHH90000025: MySQLDialect does not need to be specified explicitly using 'hibernate.dialect' (remove the property setting and it will be selected by default)
2024-01-18T20:03:21.780+02:00  INFO 74534 --- [           main] o.h.e.t.j.p.i.JtaPlatformInitiator       : HHH000489: No JTA platform available (set 'hibernate.transaction.jta.platform' to enable JTA platform integration)
Hibernate: 
    create table account (
        account_id integer not null auto_increment,
        account_email varchar(255) not null,
        account_name varchar(255) not null,
        account_password varchar(255) not null,
        account_username varchar(255) not null,
        primary key (account_id)
    ) engine=InnoDB
Hibernate: 
    create table category (
        category_id integer not null auto_increment,
        category_name varchar(255),
        primary key (category_id)
    ) engine=InnoDB
Hibernate: 
    create table country (
        country_id integer not null auto_increment,
        country_name varchar(255),
        primary key (country_id)
    ) engine=InnoDB
Hibernate: 
    create table ingredient (
        ingredient_id integer not null auto_increment,
        ingredient_name varchar(255) not null,
        primary key (ingredient_id)
    ) engine=InnoDB
Hibernate: 
    create table instruction (
        instruction_id integer not null auto_increment,
        instruction_body varchar(255) not null,
        recipe_id integer,
        primary key (instruction_id)
    ) engine=InnoDB
Hibernate: 
    create table measurement (
        measurement_id integer not null auto_increment,
        measurement_amount float(23) not null,
        measurement_ingredient integer,
        measurement_unit integer,
        recipe_id integer,
        primary key (measurement_id)
    ) engine=InnoDB
Hibernate: 
    create table recipe (
        recipe_id integer not null,
        recipe_description varchar(255) not null,
        recipe_do_later bit not null,
        recipe_favourite bit not null,
        recipe_finished bit not null,
        recipe_health_score float(53),
        recipe_image varchar(255) not null,
        recipe_original varchar(255),
        recipe_servings integer not null,
        recipe_time integer not null,
        recipe_title varchar(255) not null,
        recipe_to_do_date date,
        recipe_account integer not null,
        primary key (recipe_id)
    ) engine=InnoDB
Hibernate: 
    create table recipe_category_mapping (
        recipe_category integer not null,
        category_id integer not null
    ) engine=InnoDB
Hibernate: 
    create table recipe_country_mapping (
        recipe_country integer not null,
        country_id integer not null
    ) engine=InnoDB
Hibernate: 
    create table recipe_type_mapping (
        recipe_type integer not null,
        type_id integer not null
    ) engine=InnoDB
Hibernate: 
    create table type (
        type_id integer not null auto_increment,
        type_name varchar(255),
        primary key (type_id)
    ) engine=InnoDB
Hibernate: 
    create table unit (
        unit_id integer not null auto_increment,
        unit_name varchar(255),
        primary key (unit_id)
    ) engine=InnoDB
Hibernate: 
    alter table account 
       drop index UK_o72icrlyfe9jcc61hbgsnmkgr
Hibernate: 
    alter table account 
       add constraint UK_o72icrlyfe9jcc61hbgsnmkgr unique (account_email)
Hibernate: 
    alter table account 
       drop index UK_xtxi9818l59cygi210n8tymn
Hibernate: 
    alter table account 
       add constraint UK_xtxi9818l59cygi210n8tymn unique (account_username)
Hibernate: 
    alter table category 
       drop index UK_lroeo5fvfdeg4hpicn4lw7x9b
Hibernate: 
    alter table category 
       add constraint UK_lroeo5fvfdeg4hpicn4lw7x9b unique (category_name)
Hibernate: 
    alter table country 
       drop index UK_qrkn270121aljmucrdbnmd35p
Hibernate: 
    alter table country 
       add constraint UK_qrkn270121aljmucrdbnmd35p unique (country_name)
Hibernate: 
    alter table ingredient 
       drop index UK_co7ro6kyijhfik027h0y4d3n3
Hibernate: 
    alter table ingredient 
       add constraint UK_co7ro6kyijhfik027h0y4d3n3 unique (ingredient_name)
Hibernate: 
    alter table type 
       drop index UK_f1qndtxdjk0ose1st2rhv1vhx
Hibernate: 
    alter table type 
       add constraint UK_f1qndtxdjk0ose1st2rhv1vhx unique (type_name)
Hibernate: 
    alter table unit 
       drop index UK_da8eog93rhwgf6726q1nftsr6
Hibernate: 
    alter table unit 
       add constraint UK_da8eog93rhwgf6726q1nftsr6 unique (unit_name)
Hibernate: 
    alter table instruction 
       add constraint FKcd28dqk4w4civw4jbswqhde2o 
       foreign key (recipe_id) 
       references recipe (recipe_id) 
       on delete cascade
Hibernate: 
    alter table measurement 
       add constraint FKawbdlt6648183uloeiqg70s5k 
       foreign key (measurement_ingredient) 
       references ingredient (ingredient_id)
Hibernate: 
    alter table measurement 
       add constraint FK4rxkc345jswd5pue43p1op7b6 
       foreign key (measurement_unit) 
       references unit (unit_id)
Hibernate: 
    alter table measurement 
       add constraint FKqptfsbxdmcuodd9wg0ainj5ju 
       foreign key (recipe_id) 
       references recipe (recipe_id) 
       on delete cascade
Hibernate: 
    alter table recipe 
       add constraint FKqce9j5wclvpp7522fkf1jn5p9 
       foreign key (recipe_account) 
       references account (account_id) 
       on delete cascade
Hibernate: 
    alter table recipe_category_mapping 
       add constraint FKo6ic4v041qy0d09yo4lne766d 
       foreign key (category_id) 
       references category (category_id)
Hibernate: 
    alter table recipe_category_mapping 
       add constraint FKpbsaruxxfswifi0t7ekvfg2fd 
       foreign key (recipe_category) 
       references recipe (recipe_id)
Hibernate: 
    alter table recipe_country_mapping 
       add constraint FK483w8krln3o8dynou1xnlnrg9 
       foreign key (country_id) 
       references country (country_id)
Hibernate: 
    alter table recipe_country_mapping 
       add constraint FKc9j7hrj2sxj5bulutbw4ievff 
       foreign key (recipe_country) 
       references recipe (recipe_id)
Hibernate: 
    alter table recipe_type_mapping 
       add constraint FKg27fj1iqigjdffvvcimnaymw1 
       foreign key (type_id) 
       references type (type_id)
Hibernate: 
    alter table recipe_type_mapping 
       add constraint FKdaudly65pqb386464ff72wjvj 
       foreign key (recipe_type) 
       references recipe (recipe_id)
2024-01-18T20:03:21.828+02:00  INFO 74534 --- [           main] j.LocalContainerEntityManagerFactoryBean : Initialized JPA EntityManagerFactory for persistence unit 'default'
2024-01-18T20:03:21.965+02:00  WARN 74534 --- [           main] JpaBaseConfiguration$JpaWebConfiguration : spring.jpa.open-in-view is enabled by default. Therefore, database queries may be performed during view rendering. Explicitly configure spring.jpa.open-in-view to disable this warning
2024-01-18T20:03:22.044+02:00  INFO 74534 --- [           main] o.s.s.web.DefaultSecurityFilterChain     : Will secure any request with [org.springframework.security.web.session.DisableEncodeUrlFilter@14174dcb, org.springframework.security.web.context.request.async.WebAsyncManagerIntegrationFilter@57c57c21, org.springframework.security.web.context.SecurityContextHolderFilter@a4b8770, org.springframework.security.web.header.HeaderWriterFilter@c4359c8, org.springframework.web.filter.CorsFilter@f45e521, org.springframework.web.filter.CorsFilter@20701f00, org.springframework.security.web.authentication.logout.LogoutFilter@788762da, com.example.recipe.security.JwtAuthFilter@253c2bb1, org.springframework.security.web.savedrequest.RequestCacheAwareFilter@6399be2f, org.springframework.security.web.servletapi.SecurityContextHolderAwareRequestFilter@7502268d, org.springframework.security.web.authentication.AnonymousAuthenticationFilter@e2777d0, org.springframework.security.web.session.SessionManagementFilter@38fc6094, org.springframework.security.web.access.ExceptionTranslationFilter@50e72b95, org.springframework.security.web.access.intercept.AuthorizationFilter@3213a128]
2024-01-18T20:03:22.128+02:00  INFO 74534 --- [           main] o.s.b.w.embedded.tomcat.TomcatWebServer  : Tomcat started on port 52546 (http) with context path ''
2024-01-18T20:03:22.131+02:00  INFO 74534 --- [           main] c.e.recipe.recipe.RecipeIntegrationTest  : Started RecipeIntegrationTest in 0.839 seconds (process running for 55.87)
Hibernate: 
    select
        r1_0.recipe_id,
        r1_0.recipe_account,
        a1_0.account_id,
        a1_0.account_email,
        a1_0.account_name,
        a1_0.account_password,
        a1_0.account_username,
        r1_0.recipe_description,
        r1_0.recipe_do_later,
        r1_0.recipe_favourite,
        r1_0.recipe_finished,
        r1_0.recipe_health_score,
        r1_0.recipe_image,
        r1_0.recipe_original,
        r1_0.recipe_servings,
        r1_0.recipe_time,
        r1_0.recipe_title,
        r1_0.recipe_to_do_date 
    from
        recipe r1_0 
    join
        account a1_0 
            on a1_0.account_id=r1_0.recipe_account 
    where
        r1_0.recipe_id=?
2024-01-18T20:03:22.163+02:00  INFO 74534 --- [-auto-12-exec-1] o.a.c.c.C.[Tomcat].[localhost].[/]       : Initializing Spring DispatcherServlet 'dispatcherServlet'
2024-01-18T20:03:22.164+02:00  INFO 74534 --- [-auto-12-exec-1] o.s.web.servlet.DispatcherServlet        : Initializing Servlet 'dispatcherServlet'
2024-01-18T20:03:22.164+02:00  INFO 74534 --- [-auto-12-exec-1] o.s.web.servlet.DispatcherServlet        : Completed initialization in 0 ms
Hibernate: 
    SELECT
        * 
    FROM
        account a 
    WHERE
        a.account_username = ?
2024-01-18T20:03:22.172+02:00  WARN 74534 --- [-auto-12-exec-1] o.s.w.s.h.HandlerMappingIntrospector     : Cache miss for REQUEST dispatch to '/recipe/set/doLater' (previous null). Performing MatchableHandlerMapping lookup. This is logged once only at WARN level, and every time at TRACE.
Hibernate: 
    select
        r1_0.recipe_id,
        r1_0.recipe_account,
        a1_0.account_id,
        a1_0.account_email,
        a1_0.account_name,
        a1_0.account_password,
        a1_0.account_username,
        r1_0.recipe_description,
        r1_0.recipe_do_later,
        r1_0.recipe_favourite,
        r1_0.recipe_finished,
        r1_0.recipe_health_score,
        r1_0.recipe_image,
        r1_0.recipe_original,
        r1_0.recipe_servings,
        r1_0.recipe_time,
        r1_0.recipe_title,
        r1_0.recipe_to_do_date 
    from
        recipe r1_0 
    join
        account a1_0 
            on a1_0.account_id=r1_0.recipe_account 
    where
        r1_0.recipe_id=?
Hibernate: 
    update
        recipe 
    set
        recipe_account=?,
        recipe_description=?,
        recipe_do_later=?,
        recipe_favourite=?,
        recipe_finished=?,
        recipe_health_score=?,
        recipe_image=?,
        recipe_original=?,
        recipe_servings=?,
        recipe_time=?,
        recipe_title=?,
        recipe_to_do_date=? 
    where
        recipe_id=?
Hibernate: 
    select
        r1_0.recipe_id,
        r1_0.recipe_account,
        a1_0.account_id,
        a1_0.account_email,
        a1_0.account_name,
        a1_0.account_password,
        a1_0.account_username,
        r1_0.recipe_description,
        r1_0.recipe_do_later,
        r1_0.recipe_favourite,
        r1_0.recipe_finished,
        r1_0.recipe_health_score,
        r1_0.recipe_image,
        r1_0.recipe_original,
        r1_0.recipe_servings,
        r1_0.recipe_time,
        r1_0.recipe_title,
        r1_0.recipe_to_do_date 
    from
        recipe r1_0 
    join
        account a1_0 
            on a1_0.account_id=r1_0.recipe_account 
    where
        r1_0.recipe_id=?
2024-01-18T20:03:24.262+02:00  INFO 74534 --- [           main] j.LocalContainerEntityManagerFactoryBean : Closing JPA EntityManagerFactory for persistence unit 'default'
2024-01-18T20:03:24.263+02:00  INFO 74534 --- [           main] com.zaxxer.hikari.HikariDataSource       : HikariPool-13 - Shutdown initiated...
2024-01-18T20:03:24.265+02:00  INFO 74534 --- [           main] com.zaxxer.hikari.HikariDataSource       : HikariPool-13 - Shutdown completed.
]]></system-out>
  </testcase>
</testsuite>