<?xml version="1.0" encoding="UTF-8"?>
<testsuite xmlns:xsi="http://www.w3.org/2001/XMLSchema-instance" xsi:noNamespaceSchemaLocation="https://maven.apache.org/surefire/maven-surefire-plugin/xsd/surefire-test-report-3.0.xsd" version="3.0" name="com.example.recipe.account.AccountIntegrationTest" time="15.306" tests="5" errors="0" skipped="0" failures="0">
  <properties>
[...]
</properties>
  <testcase name="loginWorks" classname="com.example.recipe.account.AccountIntegrationTest" time="2.312">
    <system-out><![CDATA[2024-01-18T20:03:24.885+02:00  INFO 74534 --- [           main] t.c.s.AnnotationConfigContextLoaderUtils : Could not detect default configuration classes for test class [com.example.recipe.account.AccountIntegrationTest]: AccountIntegrationTest does not declare any static, non-private, non-final, nested classes annotated with @Configuration.
2024-01-18T20:03:24.912+02:00  INFO 74534 --- [           main] .b.t.c.SpringBootTestContextBootstrapper : Found @SpringBootConfiguration com.example.recipe.RecipeApplication for test class com.example.recipe.account.AccountIntegrationTest

  .   ____          _            __ _ _
 /\\ / ___'_ __ _ _(_)_ __  __ _ \ \ \ \
( ( )\___ | '_ | '_| | '_ \/ _` | \ \ \ \
 \\/  ___)| |_)| | | | | || (_| |  ) ) ) )
  '  |____| .__|_| |_|_| |_\__, | / / / /
 =========|_|==============|___/=/_/_/_/
 :: Spring Boot ::                (v3.2.0)

2024-01-18T20:03:24.939+02:00  INFO 74534 --- [           main] c.e.r.account.AccountIntegrationTest     : Starting AccountIntegrationTest using Java 18.0.2.1 with PID 74534 (started by nellirossi in /Users/nellirossi/Documents/recipes/recipes-backend)
2024-01-18T20:03:24.939+02:00  INFO 74534 --- [           main] c.e.r.account.AccountIntegrationTest     : The following 1 profile is active: "test"
2024-01-18T20:03:25.069+02:00  INFO 74534 --- [           main] .s.d.r.c.RepositoryConfigurationDelegate : Bootstrapping Spring Data JPA repositories in DEFAULT mode.
2024-01-18T20:03:25.089+02:00  INFO 74534 --- [           main] .s.d.r.c.RepositoryConfigurationDelegate : Finished Spring Data repository scanning in 19 ms. Found 8 JPA repository interfaces.
2024-01-18T20:03:25.151+02:00  INFO 74534 --- [           main] o.s.b.w.embedded.tomcat.TomcatWebServer  : Tomcat initialized with port 0 (http)
2024-01-18T20:03:25.153+02:00  INFO 74534 --- [           main] o.apache.catalina.core.StandardService   : Starting service [Tomcat]
2024-01-18T20:03:25.153+02:00  INFO 74534 --- [           main] o.apache.catalina.core.StandardEngine    : Starting Servlet engine: [Apache Tomcat/10.1.16]
2024-01-18T20:03:25.167+02:00  INFO 74534 --- [           main] o.a.c.c.C.[Tomcat].[localhost].[/]       : Initializing Spring embedded WebApplicationContext
2024-01-18T20:03:25.167+02:00  INFO 74534 --- [           main] w.s.c.ServletWebServerApplicationContext : Root WebApplicationContext: initialization completed in 226 ms
2024-01-18T20:03:25.202+02:00  INFO 74534 --- [           main] o.hibernate.jpa.internal.util.LogHelper  : HHH000204: Processing PersistenceUnitInfo [name: default]
2024-01-18T20:03:25.206+02:00  INFO 74534 --- [           main] o.h.c.internal.RegionFactoryInitiator    : HHH000026: Second-level cache disabled
2024-01-18T20:03:25.209+02:00  INFO 74534 --- [           main] o.s.o.j.p.SpringPersistenceUnitInfo      : No LoadTimeWeaver setup: ignoring JPA class transformer
2024-01-18T20:03:25.211+02:00  INFO 74534 --- [           main] com.zaxxer.hikari.HikariDataSource       : HikariPool-14 - Starting...
2024-01-18T20:03:25.220+02:00  INFO 74534 --- [           main] com.zaxxer.hikari.pool.HikariPool        : HikariPool-14 - Added connection conn130: url=jdbc:h2:mem:303eb7d4-0b44-4e3b-9128-507b28b20891 user=SA
2024-01-18T20:03:25.220+02:00  INFO 74534 --- [           main] com.zaxxer.hikari.HikariDataSource       : HikariPool-14 - Start completed.
2024-01-18T20:03:25.221+02:00  WARN 74534 --- [           main] org.hibernate.dialect.Dialect            : HHH000511: The 2.2.0 version for [org.hibernate.dialect.MySQLDialect] is no longer supported, hence certain features may not work properly. The minimum supported version is 5.7.0. Check the community dialects project for available legacy versions.
2024-01-18T20:03:25.221+02:00  WARN 74534 --- [           main] org.hibernate.orm.deprecation            : HHH90000025: MySQLDialect does not need to be specified explicitly using 'hibernate.dialect' (remove the property setting and it will be selected by default)
2024-01-18T20:03:25.373+02:00  INFO 74534 --- [           main] o.h.e.t.j.p.i.JtaPlatformInitiator       : HHH000489: No JTA platform available (set 'hibernate.transaction.jta.platform' to enable JTA platform integration)
Hibernate: 
    create table account (
        account_id integer not null auto_increment,
        account_email varchar(255) not null,
        account_name varchar(255) not null,
        account_password varchar(255) not null,
        account_username varchar(255) not null,
        primary key (account_id)
    ) engine=InnoDB
Hibernate: 
    create table category (
        category_id integer not null auto_increment,
        category_name varchar(255),
        primary key (category_id)
    ) engine=InnoDB
Hibernate: 
    create table country (
        country_id integer not null auto_increment,
        country_name varchar(255),
        primary key (country_id)
    ) engine=InnoDB
Hibernate: 
    create table ingredient (
        ingredient_id integer not null auto_increment,
        ingredient_name varchar(255) not null,
        primary key (ingredient_id)
    ) engine=InnoDB
Hibernate: 
    create table instruction (
        instruction_id integer not null auto_increment,
        instruction_body varchar(255) not null,
        recipe_id integer,
        primary key (instruction_id)
    ) engine=InnoDB
Hibernate: 
    create table measurement (
        measurement_id integer not null auto_increment,
        measurement_amount float(23) not null,
        measurement_ingredient integer,
        measurement_unit integer,
        recipe_id integer,
        primary key (measurement_id)
    ) engine=InnoDB
Hibernate: 
    create table recipe (
        recipe_id integer not null,
        recipe_description varchar(255) not null,
        recipe_do_later bit not null,
        recipe_favourite bit not null,
        recipe_finished bit not null,
        recipe_health_score float(53),
        recipe_image varchar(255) not null,
        recipe_original varchar(255),
        recipe_servings integer not null,
        recipe_time integer not null,
        recipe_title varchar(255) not null,
        recipe_to_do_date date,
        recipe_account integer not null,
        primary key (recipe_id)
    ) engine=InnoDB
Hibernate: 
    create table recipe_category_mapping (
        recipe_category integer not null,
        category_id integer not null
    ) engine=InnoDB
Hibernate: 
    create table recipe_country_mapping (
        recipe_country integer not null,
        country_id integer not null
    ) engine=InnoDB
Hibernate: 
    create table recipe_type_mapping (
        recipe_type integer not null,
        type_id integer not null
    ) engine=InnoDB
Hibernate: 
    create table type (
        type_id integer not null auto_increment,
        type_name varchar(255),
        primary key (type_id)
    ) engine=InnoDB
Hibernate: 
    create table unit (
        unit_id integer not null auto_increment,
        unit_name varchar(255),
        primary key (unit_id)
    ) engine=InnoDB
Hibernate: 
    alter table account 
       drop index UK_o72icrlyfe9jcc61hbgsnmkgr
Hibernate: 
    alter table account 
       add constraint UK_o72icrlyfe9jcc61hbgsnmkgr unique (account_email)
Hibernate: 
    alter table account 
       drop index UK_xtxi9818l59cygi210n8tymn
Hibernate: 
    alter table account 
       add constraint UK_xtxi9818l59cygi210n8tymn unique (account_username)
Hibernate: 
    alter table category 
       drop index UK_lroeo5fvfdeg4hpicn4lw7x9b
Hibernate: 
    alter table category 
       add constraint UK_lroeo5fvfdeg4hpicn4lw7x9b unique (category_name)
Hibernate: 
    alter table country 
       drop index UK_qrkn270121aljmucrdbnmd35p
Hibernate: 
    alter table country 
       add constraint UK_qrkn270121aljmucrdbnmd35p unique (country_name)
Hibernate: 
    alter table ingredient 
       drop index UK_co7ro6kyijhfik027h0y4d3n3
Hibernate: 
    alter table ingredient 
       add constraint UK_co7ro6kyijhfik027h0y4d3n3 unique (ingredient_name)
Hibernate: 
    alter table type 
       drop index UK_f1qndtxdjk0ose1st2rhv1vhx
Hibernate: 
    alter table type 
       add constraint UK_f1qndtxdjk0ose1st2rhv1vhx unique (type_name)
Hibernate: 
    alter table unit 
       drop index UK_da8eog93rhwgf6726q1nftsr6
Hibernate: 
    alter table unit 
       add constraint UK_da8eog93rhwgf6726q1nftsr6 unique (unit_name)
Hibernate: 
    alter table instruction 
       add constraint FKcd28dqk4w4civw4jbswqhde2o 
       foreign key (recipe_id) 
       references recipe (recipe_id) 
       on delete cascade
Hibernate: 
    alter table measurement 
       add constraint FKawbdlt6648183uloeiqg70s5k 
       foreign key (measurement_ingredient) 
       references ingredient (ingredient_id)
Hibernate: 
    alter table measurement 
       add constraint FK4rxkc345jswd5pue43p1op7b6 
       foreign key (measurement_unit) 
       references unit (unit_id)
Hibernate: 
    alter table measurement 
       add constraint FKqptfsbxdmcuodd9wg0ainj5ju 
       foreign key (recipe_id) 
       references recipe (recipe_id) 
       on delete cascade
Hibernate: 
    alter table recipe 
       add constraint FKqce9j5wclvpp7522fkf1jn5p9 
       foreign key (recipe_account) 
       references account (account_id) 
       on delete cascade
Hibernate: 
    alter table recipe_category_mapping 
       add constraint FKo6ic4v041qy0d09yo4lne766d 
       foreign key (category_id) 
       references category (category_id)
Hibernate: 
    alter table recipe_category_mapping 
       add constraint FKpbsaruxxfswifi0t7ekvfg2fd 
       foreign key (recipe_category) 
       references recipe (recipe_id)
Hibernate: 
    alter table recipe_country_mapping 
       add constraint FK483w8krln3o8dynou1xnlnrg9 
       foreign key (country_id) 
       references country (country_id)
Hibernate: 
    alter table recipe_country_mapping 
       add constraint FKc9j7hrj2sxj5bulutbw4ievff 
       foreign key (recipe_country) 
       references recipe (recipe_id)
Hibernate: 
    alter table recipe_type_mapping 
       add constraint FKg27fj1iqigjdffvvcimnaymw1 
       foreign key (type_id) 
       references type (type_id)
Hibernate: 
    alter table recipe_type_mapping 
       add constraint FKdaudly65pqb386464ff72wjvj 
       foreign key (recipe_type) 
       references recipe (recipe_id)
2024-01-18T20:03:25.463+02:00  INFO 74534 --- [           main] j.LocalContainerEntityManagerFactoryBean : Initialized JPA EntityManagerFactory for persistence unit 'default'
2024-01-18T20:03:25.605+02:00  WARN 74534 --- [           main] JpaBaseConfiguration$JpaWebConfiguration : spring.jpa.open-in-view is enabled by default. Therefore, database queries may be performed during view rendering. Explicitly configure spring.jpa.open-in-view to disable this warning
2024-01-18T20:03:25.698+02:00  INFO 74534 --- [           main] o.s.s.web.DefaultSecurityFilterChain     : Will secure any request with [org.springframework.security.web.session.DisableEncodeUrlFilter@77a45a9f, org.springframework.security.web.context.request.async.WebAsyncManagerIntegrationFilter@6f694ac7, org.springframework.security.web.context.SecurityContextHolderFilter@e6d9cef, org.springframework.security.web.header.HeaderWriterFilter@5399f6dd, org.springframework.web.filter.CorsFilter@596f2dd8, org.springframework.web.filter.CorsFilter@5c6ddeca, org.springframework.security.web.authentication.logout.LogoutFilter@4bca73e7, com.example.recipe.security.JwtAuthFilter@3fc57cd, org.springframework.security.web.savedrequest.RequestCacheAwareFilter@b8b5eb8, org.springframework.security.web.servletapi.SecurityContextHolderAwareRequestFilter@17387e0a, org.springframework.security.web.authentication.AnonymousAuthenticationFilter@948177a, org.springframework.security.web.session.SessionManagementFilter@256378f5, org.springframework.security.web.access.ExceptionTranslationFilter@16e2703a, org.springframework.security.web.access.intercept.AuthorizationFilter@4e796fd0]
2024-01-18T20:03:25.790+02:00  INFO 74534 --- [           main] o.s.b.w.embedded.tomcat.TomcatWebServer  : Tomcat started on port 52552 (http) with context path ''
2024-01-18T20:03:25.792+02:00  INFO 74534 --- [           main] c.e.r.account.AccountIntegrationTest     : Started AccountIntegrationTest in 0.875 seconds (process running for 59.531)
2024-01-18T20:03:25.811+02:00  INFO 74534 --- [-auto-13-exec-1] o.a.c.c.C.[Tomcat].[localhost].[/]       : Initializing Spring DispatcherServlet 'dispatcherServlet'
2024-01-18T20:03:25.811+02:00  INFO 74534 --- [-auto-13-exec-1] o.s.web.servlet.DispatcherServlet        : Initializing Servlet 'dispatcherServlet'
2024-01-18T20:03:25.812+02:00  INFO 74534 --- [-auto-13-exec-1] o.s.web.servlet.DispatcherServlet        : Completed initialization in 1 ms
2024-01-18T20:03:25.813+02:00  WARN 74534 --- [-auto-13-exec-1] o.s.w.s.h.HandlerMappingIntrospector     : Cache miss for REQUEST dispatch to '/account/login' (previous null). Performing MatchableHandlerMapping lookup. This is logged once only at WARN level, and every time at TRACE.
Hibernate: 
    SELECT
        * 
    FROM
        account a 
    WHERE
        a.account_username = ?
Hibernate: 
    SELECT
        * 
    FROM
        account a 
    WHERE
        a.account_username = ?
2024-01-18T20:03:28.095+02:00  INFO 74534 --- [           main] j.LocalContainerEntityManagerFactoryBean : Closing JPA EntityManagerFactory for persistence unit 'default'
2024-01-18T20:03:28.099+02:00  INFO 74534 --- [           main] com.zaxxer.hikari.HikariDataSource       : HikariPool-14 - Shutdown initiated...
2024-01-18T20:03:28.101+02:00  INFO 74534 --- [           main] com.zaxxer.hikari.HikariDataSource       : HikariPool-14 - Shutdown completed.
]]></system-out>
  </testcase>
  <testcase name="getAccountWorks" classname="com.example.recipe.account.AccountIntegrationTest" time="2.204">
    <system-out><![CDATA[
  .   ____          _            __ _ _
 /\\ / ___'_ __ _ _(_)_ __  __ _ \ \ \ \
( ( )\___ | '_ | '_| | '_ \/ _` | \ \ \ \
 \\/  ___)| |_)| | | | | || (_| |  ) ) ) )
  '  |____| .__|_| |_|_| |_\__, | / / / /
 =========|_|==============|___/=/_/_/_/
 :: Spring Boot ::                (v3.2.0)

2024-01-18T20:03:28.141+02:00  INFO 74534 --- [           main] c.e.r.account.AccountIntegrationTest     : Starting AccountIntegrationTest using Java 18.0.2.1 with PID 74534 (started by nellirossi in /Users/nellirossi/Documents/recipes/recipes-backend)
2024-01-18T20:03:28.142+02:00  INFO 74534 --- [           main] c.e.r.account.AccountIntegrationTest     : The following 1 profile is active: "test"
2024-01-18T20:03:28.268+02:00  INFO 74534 --- [           main] .s.d.r.c.RepositoryConfigurationDelegate : Bootstrapping Spring Data JPA repositories in DEFAULT mode.
2024-01-18T20:03:28.284+02:00  INFO 74534 --- [           main] .s.d.r.c.RepositoryConfigurationDelegate : Finished Spring Data repository scanning in 15 ms. Found 8 JPA repository interfaces.
2024-01-18T20:03:28.348+02:00  INFO 74534 --- [           main] o.s.b.w.embedded.tomcat.TomcatWebServer  : Tomcat initialized with port 0 (http)
2024-01-18T20:03:28.349+02:00  INFO 74534 --- [           main] o.apache.catalina.core.StandardService   : Starting service [Tomcat]
2024-01-18T20:03:28.349+02:00  INFO 74534 --- [           main] o.apache.catalina.core.StandardEngine    : Starting Servlet engine: [Apache Tomcat/10.1.16]
2024-01-18T20:03:28.368+02:00  INFO 74534 --- [           main] o.a.c.c.C.[Tomcat].[localhost].[/]       : Initializing Spring embedded WebApplicationContext
2024-01-18T20:03:28.368+02:00  INFO 74534 --- [           main] w.s.c.ServletWebServerApplicationContext : Root WebApplicationContext: initialization completed in 225 ms
2024-01-18T20:03:28.400+02:00  INFO 74534 --- [           main] o.hibernate.jpa.internal.util.LogHelper  : HHH000204: Processing PersistenceUnitInfo [name: default]
2024-01-18T20:03:28.405+02:00  INFO 74534 --- [           main] o.h.c.internal.RegionFactoryInitiator    : HHH000026: Second-level cache disabled
2024-01-18T20:03:28.408+02:00  INFO 74534 --- [           main] o.s.o.j.p.SpringPersistenceUnitInfo      : No LoadTimeWeaver setup: ignoring JPA class transformer
2024-01-18T20:03:28.409+02:00  INFO 74534 --- [           main] com.zaxxer.hikari.HikariDataSource       : HikariPool-15 - Starting...
2024-01-18T20:03:28.412+02:00  INFO 74534 --- [           main] com.zaxxer.hikari.pool.HikariPool        : HikariPool-15 - Added connection conn140: url=jdbc:h2:mem:98c41648-a4ca-4d14-8fb6-cdbac15b748a user=SA
2024-01-18T20:03:28.412+02:00  INFO 74534 --- [           main] com.zaxxer.hikari.HikariDataSource       : HikariPool-15 - Start completed.
2024-01-18T20:03:28.413+02:00  WARN 74534 --- [           main] org.hibernate.dialect.Dialect            : HHH000511: The 2.2.0 version for [org.hibernate.dialect.MySQLDialect] is no longer supported, hence certain features may not work properly. The minimum supported version is 5.7.0. Check the community dialects project for available legacy versions.
2024-01-18T20:03:28.413+02:00  WARN 74534 --- [           main] org.hibernate.orm.deprecation            : HHH90000025: MySQLDialect does not need to be specified explicitly using 'hibernate.dialect' (remove the property setting and it will be selected by default)
2024-01-18T20:03:28.584+02:00  INFO 74534 --- [           main] o.h.e.t.j.p.i.JtaPlatformInitiator       : HHH000489: No JTA platform available (set 'hibernate.transaction.jta.platform' to enable JTA platform integration)
Hibernate: 
    create table account (
        account_id integer not null auto_increment,
        account_email varchar(255) not null,
        account_name varchar(255) not null,
        account_password varchar(255) not null,
        account_username varchar(255) not null,
        primary key (account_id)
    ) engine=InnoDB
Hibernate: 
    create table category (
        category_id integer not null auto_increment,
        category_name varchar(255),
        primary key (category_id)
    ) engine=InnoDB
Hibernate: 
    create table country (
        country_id integer not null auto_increment,
        country_name varchar(255),
        primary key (country_id)
    ) engine=InnoDB
Hibernate: 
    create table ingredient (
        ingredient_id integer not null auto_increment,
        ingredient_name varchar(255) not null,
        primary key (ingredient_id)
    ) engine=InnoDB
Hibernate: 
    create table instruction (
        instruction_id integer not null auto_increment,
        instruction_body varchar(255) not null,
        recipe_id integer,
        primary key (instruction_id)
    ) engine=InnoDB
Hibernate: 
    create table measurement (
        measurement_id integer not null auto_increment,
        measurement_amount float(23) not null,
        measurement_ingredient integer,
        measurement_unit integer,
        recipe_id integer,
        primary key (measurement_id)
    ) engine=InnoDB
Hibernate: 
    create table recipe (
        recipe_id integer not null,
        recipe_description varchar(255) not null,
        recipe_do_later bit not null,
        recipe_favourite bit not null,
        recipe_finished bit not null,
        recipe_health_score float(53),
        recipe_image varchar(255) not null,
        recipe_original varchar(255),
        recipe_servings integer not null,
        recipe_time integer not null,
        recipe_title varchar(255) not null,
        recipe_to_do_date date,
        recipe_account integer not null,
        primary key (recipe_id)
    ) engine=InnoDB
Hibernate: 
    create table recipe_category_mapping (
        recipe_category integer not null,
        category_id integer not null
    ) engine=InnoDB
Hibernate: 
    create table recipe_country_mapping (
        recipe_country integer not null,
        country_id integer not null
    ) engine=InnoDB
Hibernate: 
    create table recipe_type_mapping (
        recipe_type integer not null,
        type_id integer not null
    ) engine=InnoDB
Hibernate: 
    create table type (
        type_id integer not null auto_increment,
        type_name varchar(255),
        primary key (type_id)
    ) engine=InnoDB
Hibernate: 
    create table unit (
        unit_id integer not null auto_increment,
        unit_name varchar(255),
        primary key (unit_id)
    ) engine=InnoDB
Hibernate: 
    alter table account 
       drop index UK_o72icrlyfe9jcc61hbgsnmkgr
Hibernate: 
    alter table account 
       add constraint UK_o72icrlyfe9jcc61hbgsnmkgr unique (account_email)
Hibernate: 
    alter table account 
       drop index UK_xtxi9818l59cygi210n8tymn
Hibernate: 
    alter table account 
       add constraint UK_xtxi9818l59cygi210n8tymn unique (account_username)
Hibernate: 
    alter table category 
       drop index UK_lroeo5fvfdeg4hpicn4lw7x9b
Hibernate: 
    alter table category 
       add constraint UK_lroeo5fvfdeg4hpicn4lw7x9b unique (category_name)
Hibernate: 
    alter table country 
       drop index UK_qrkn270121aljmucrdbnmd35p
Hibernate: 
    alter table country 
       add constraint UK_qrkn270121aljmucrdbnmd35p unique (country_name)
Hibernate: 
    alter table ingredient 
       drop index UK_co7ro6kyijhfik027h0y4d3n3
Hibernate: 
    alter table ingredient 
       add constraint UK_co7ro6kyijhfik027h0y4d3n3 unique (ingredient_name)
Hibernate: 
    alter table type 
       drop index UK_f1qndtxdjk0ose1st2rhv1vhx
Hibernate: 
    alter table type 
       add constraint UK_f1qndtxdjk0ose1st2rhv1vhx unique (type_name)
Hibernate: 
    alter table unit 
       drop index UK_da8eog93rhwgf6726q1nftsr6
Hibernate: 
    alter table unit 
       add constraint UK_da8eog93rhwgf6726q1nftsr6 unique (unit_name)
Hibernate: 
    alter table instruction 
       add constraint FKcd28dqk4w4civw4jbswqhde2o 
       foreign key (recipe_id) 
       references recipe (recipe_id) 
       on delete cascade
Hibernate: 
    alter table measurement 
       add constraint FKawbdlt6648183uloeiqg70s5k 
       foreign key (measurement_ingredient) 
       references ingredient (ingredient_id)
Hibernate: 
    alter table measurement 
       add constraint FK4rxkc345jswd5pue43p1op7b6 
       foreign key (measurement_unit) 
       references unit (unit_id)
Hibernate: 
    alter table measurement 
       add constraint FKqptfsbxdmcuodd9wg0ainj5ju 
       foreign key (recipe_id) 
       references recipe (recipe_id) 
       on delete cascade
Hibernate: 
    alter table recipe 
       add constraint FKqce9j5wclvpp7522fkf1jn5p9 
       foreign key (recipe_account) 
       references account (account_id) 
       on delete cascade
Hibernate: 
    alter table recipe_category_mapping 
       add constraint FKo6ic4v041qy0d09yo4lne766d 
       foreign key (category_id) 
       references category (category_id)
Hibernate: 
    alter table recipe_category_mapping 
       add constraint FKpbsaruxxfswifi0t7ekvfg2fd 
       foreign key (recipe_category) 
       references recipe (recipe_id)
Hibernate: 
    alter table recipe_country_mapping 
       add constraint FK483w8krln3o8dynou1xnlnrg9 
       foreign key (country_id) 
       references country (country_id)
Hibernate: 
    alter table recipe_country_mapping 
       add constraint FKc9j7hrj2sxj5bulutbw4ievff 
       foreign key (recipe_country) 
       references recipe (recipe_id)
Hibernate: 
    alter table recipe_type_mapping 
       add constraint FKg27fj1iqigjdffvvcimnaymw1 
       foreign key (type_id) 
       references type (type_id)
Hibernate: 
    alter table recipe_type_mapping 
       add constraint FKdaudly65pqb386464ff72wjvj 
       foreign key (recipe_type) 
       references recipe (recipe_id)
2024-01-18T20:03:28.646+02:00  INFO 74534 --- [           main] j.LocalContainerEntityManagerFactoryBean : Initialized JPA EntityManagerFactory for persistence unit 'default'
2024-01-18T20:03:28.905+02:00  WARN 74534 --- [           main] JpaBaseConfiguration$JpaWebConfiguration : spring.jpa.open-in-view is enabled by default. Therefore, database queries may be performed during view rendering. Explicitly configure spring.jpa.open-in-view to disable this warning
2024-01-18T20:03:29.024+02:00  INFO 74534 --- [           main] o.s.s.web.DefaultSecurityFilterChain     : Will secure any request with [org.springframework.security.web.session.DisableEncodeUrlFilter@6b6f9800, org.springframework.security.web.context.request.async.WebAsyncManagerIntegrationFilter@4224c538, org.springframework.security.web.context.SecurityContextHolderFilter@507e9a4a, org.springframework.security.web.header.HeaderWriterFilter@4c0ab281, org.springframework.web.filter.CorsFilter@32043bfe, org.springframework.web.filter.CorsFilter@6757b82e, org.springframework.security.web.authentication.logout.LogoutFilter@5b58ae7, com.example.recipe.security.JwtAuthFilter@2f75550b, org.springframework.security.web.savedrequest.RequestCacheAwareFilter@6da695f0, org.springframework.security.web.servletapi.SecurityContextHolderAwareRequestFilter@74a1ac7f, org.springframework.security.web.authentication.AnonymousAuthenticationFilter@70ef835c, org.springframework.security.web.session.SessionManagementFilter@53d0c328, org.springframework.security.web.access.ExceptionTranslationFilter@327d845, org.springframework.security.web.access.intercept.AuthorizationFilter@25de1b13]
2024-01-18T20:03:29.141+02:00  INFO 74534 --- [           main] o.s.b.w.embedded.tomcat.TomcatWebServer  : Tomcat started on port 52556 (http) with context path ''
2024-01-18T20:03:29.144+02:00  INFO 74534 --- [           main] c.e.r.account.AccountIntegrationTest     : Started AccountIntegrationTest in 1.031 seconds (process running for 62.883)
2024-01-18T20:03:29.196+02:00  INFO 74534 --- [-auto-14-exec-1] o.a.c.c.C.[Tomcat].[localhost].[/]       : Initializing Spring DispatcherServlet 'dispatcherServlet'
2024-01-18T20:03:29.196+02:00  INFO 74534 --- [-auto-14-exec-1] o.s.web.servlet.DispatcherServlet        : Initializing Servlet 'dispatcherServlet'
2024-01-18T20:03:29.197+02:00  INFO 74534 --- [-auto-14-exec-1] o.s.web.servlet.DispatcherServlet        : Completed initialization in 1 ms
Hibernate: 
    SELECT
        * 
    FROM
        account a 
    WHERE
        a.account_username = ?
2024-01-18T20:03:29.233+02:00  WARN 74534 --- [-auto-14-exec-1] o.s.w.s.h.HandlerMappingIntrospector     : Cache miss for REQUEST dispatch to '/account/get' (previous null). Performing MatchableHandlerMapping lookup. This is logged once only at WARN level, and every time at TRACE.
Hibernate: 
    select
        a1_0.account_id,
        a1_0.account_email,
        a1_0.account_name,
        a1_0.account_password,
        a1_0.account_username 
    from
        account a1_0 
    where
        a1_0.account_id=?
2024-01-18T20:03:31.339+02:00  INFO 74534 --- [           main] j.LocalContainerEntityManagerFactoryBean : Closing JPA EntityManagerFactory for persistence unit 'default'
2024-01-18T20:03:31.343+02:00  INFO 74534 --- [           main] com.zaxxer.hikari.HikariDataSource       : HikariPool-15 - Shutdown initiated...
2024-01-18T20:03:31.347+02:00  INFO 74534 --- [           main] com.zaxxer.hikari.HikariDataSource       : HikariPool-15 - Shutdown completed.
]]></system-out>
  </testcase>
  <testcase name="addAccountWorks" classname="com.example.recipe.account.AccountIntegrationTest" time="2.218">
    <system-out><![CDATA[
  .   ____          _            __ _ _
 /\\ / ___'_ __ _ _(_)_ __  __ _ \ \ \ \
( ( )\___ | '_ | '_| | '_ \/ _` | \ \ \ \
 \\/  ___)| |_)| | | | | || (_| |  ) ) ) )
  '  |____| .__|_| |_|_| |_\__, | / / / /
 =========|_|==============|___/=/_/_/_/
 :: Spring Boot ::                (v3.2.0)

2024-01-18T20:03:31.408+02:00  INFO 74534 --- [           main] c.e.r.account.AccountIntegrationTest     : Starting AccountIntegrationTest using Java 18.0.2.1 with PID 74534 (started by nellirossi in /Users/nellirossi/Documents/recipes/recipes-backend)
2024-01-18T20:03:31.410+02:00  INFO 74534 --- [           main] c.e.r.account.AccountIntegrationTest     : The following 1 profile is active: "test"
2024-01-18T20:03:31.539+02:00  INFO 74534 --- [           main] .s.d.r.c.RepositoryConfigurationDelegate : Bootstrapping Spring Data JPA repositories in DEFAULT mode.
2024-01-18T20:03:31.561+02:00  INFO 74534 --- [           main] .s.d.r.c.RepositoryConfigurationDelegate : Finished Spring Data repository scanning in 20 ms. Found 8 JPA repository interfaces.
2024-01-18T20:03:31.624+02:00  INFO 74534 --- [           main] o.s.b.w.embedded.tomcat.TomcatWebServer  : Tomcat initialized with port 0 (http)
2024-01-18T20:03:31.625+02:00  INFO 74534 --- [           main] o.apache.catalina.core.StandardService   : Starting service [Tomcat]
2024-01-18T20:03:31.625+02:00  INFO 74534 --- [           main] o.apache.catalina.core.StandardEngine    : Starting Servlet engine: [Apache Tomcat/10.1.16]
2024-01-18T20:03:31.636+02:00  INFO 74534 --- [           main] o.a.c.c.C.[Tomcat].[localhost].[/]       : Initializing Spring embedded WebApplicationContext
2024-01-18T20:03:31.636+02:00  INFO 74534 --- [           main] w.s.c.ServletWebServerApplicationContext : Root WebApplicationContext: initialization completed in 224 ms
2024-01-18T20:03:31.666+02:00  INFO 74534 --- [           main] o.hibernate.jpa.internal.util.LogHelper  : HHH000204: Processing PersistenceUnitInfo [name: default]
2024-01-18T20:03:31.670+02:00  INFO 74534 --- [           main] o.h.c.internal.RegionFactoryInitiator    : HHH000026: Second-level cache disabled
2024-01-18T20:03:31.674+02:00  INFO 74534 --- [           main] o.s.o.j.p.SpringPersistenceUnitInfo      : No LoadTimeWeaver setup: ignoring JPA class transformer
2024-01-18T20:03:31.675+02:00  INFO 74534 --- [           main] com.zaxxer.hikari.HikariDataSource       : HikariPool-16 - Starting...
2024-01-18T20:03:31.682+02:00  INFO 74534 --- [           main] com.zaxxer.hikari.pool.HikariPool        : HikariPool-16 - Added connection conn150: url=jdbc:h2:mem:34bc781b-a4d7-4a59-8455-b4e3970e7bd2 user=SA
2024-01-18T20:03:31.682+02:00  INFO 74534 --- [           main] com.zaxxer.hikari.HikariDataSource       : HikariPool-16 - Start completed.
2024-01-18T20:03:31.685+02:00  WARN 74534 --- [           main] org.hibernate.dialect.Dialect            : HHH000511: The 2.2.0 version for [org.hibernate.dialect.MySQLDialect] is no longer supported, hence certain features may not work properly. The minimum supported version is 5.7.0. Check the community dialects project for available legacy versions.
2024-01-18T20:03:31.685+02:00  WARN 74534 --- [           main] org.hibernate.orm.deprecation            : HHH90000025: MySQLDialect does not need to be specified explicitly using 'hibernate.dialect' (remove the property setting and it will be selected by default)
2024-01-18T20:03:31.814+02:00  INFO 74534 --- [           main] o.h.e.t.j.p.i.JtaPlatformInitiator       : HHH000489: No JTA platform available (set 'hibernate.transaction.jta.platform' to enable JTA platform integration)
Hibernate: 
    create table account (
        account_id integer not null auto_increment,
        account_email varchar(255) not null,
        account_name varchar(255) not null,
        account_password varchar(255) not null,
        account_username varchar(255) not null,
        primary key (account_id)
    ) engine=InnoDB
Hibernate: 
    create table category (
        category_id integer not null auto_increment,
        category_name varchar(255),
        primary key (category_id)
    ) engine=InnoDB
Hibernate: 
    create table country (
        country_id integer not null auto_increment,
        country_name varchar(255),
        primary key (country_id)
    ) engine=InnoDB
Hibernate: 
    create table ingredient (
        ingredient_id integer not null auto_increment,
        ingredient_name varchar(255) not null,
        primary key (ingredient_id)
    ) engine=InnoDB
Hibernate: 
    create table instruction (
        instruction_id integer not null auto_increment,
        instruction_body varchar(255) not null,
        recipe_id integer,
        primary key (instruction_id)
    ) engine=InnoDB
Hibernate: 
    create table measurement (
        measurement_id integer not null auto_increment,
        measurement_amount float(23) not null,
        measurement_ingredient integer,
        measurement_unit integer,
        recipe_id integer,
        primary key (measurement_id)
    ) engine=InnoDB
Hibernate: 
    create table recipe (
        recipe_id integer not null,
        recipe_description varchar(255) not null,
        recipe_do_later bit not null,
        recipe_favourite bit not null,
        recipe_finished bit not null,
        recipe_health_score float(53),
        recipe_image varchar(255) not null,
        recipe_original varchar(255),
        recipe_servings integer not null,
        recipe_time integer not null,
        recipe_title varchar(255) not null,
        recipe_to_do_date date,
        recipe_account integer not null,
        primary key (recipe_id)
    ) engine=InnoDB
Hibernate: 
    create table recipe_category_mapping (
        recipe_category integer not null,
        category_id integer not null
    ) engine=InnoDB
Hibernate: 
    create table recipe_country_mapping (
        recipe_country integer not null,
        country_id integer not null
    ) engine=InnoDB
Hibernate: 
    create table recipe_type_mapping (
        recipe_type integer not null,
        type_id integer not null
    ) engine=InnoDB
Hibernate: 
    create table type (
        type_id integer not null auto_increment,
        type_name varchar(255),
        primary key (type_id)
    ) engine=InnoDB
Hibernate: 
    create table unit (
        unit_id integer not null auto_increment,
        unit_name varchar(255),
        primary key (unit_id)
    ) engine=InnoDB
Hibernate: 
    alter table account 
       drop index UK_o72icrlyfe9jcc61hbgsnmkgr
Hibernate: 
    alter table account 
       add constraint UK_o72icrlyfe9jcc61hbgsnmkgr unique (account_email)
Hibernate: 
    alter table account 
       drop index UK_xtxi9818l59cygi210n8tymn
Hibernate: 
    alter table account 
       add constraint UK_xtxi9818l59cygi210n8tymn unique (account_username)
Hibernate: 
    alter table category 
       drop index UK_lroeo5fvfdeg4hpicn4lw7x9b
Hibernate: 
    alter table category 
       add constraint UK_lroeo5fvfdeg4hpicn4lw7x9b unique (category_name)
Hibernate: 
    alter table country 
       drop index UK_qrkn270121aljmucrdbnmd35p
Hibernate: 
    alter table country 
       add constraint UK_qrkn270121aljmucrdbnmd35p unique (country_name)
Hibernate: 
    alter table ingredient 
       drop index UK_co7ro6kyijhfik027h0y4d3n3
Hibernate: 
    alter table ingredient 
       add constraint UK_co7ro6kyijhfik027h0y4d3n3 unique (ingredient_name)
Hibernate: 
    alter table type 
       drop index UK_f1qndtxdjk0ose1st2rhv1vhx
Hibernate: 
    alter table type 
       add constraint UK_f1qndtxdjk0ose1st2rhv1vhx unique (type_name)
Hibernate: 
    alter table unit 
       drop index UK_da8eog93rhwgf6726q1nftsr6
Hibernate: 
    alter table unit 
       add constraint UK_da8eog93rhwgf6726q1nftsr6 unique (unit_name)
Hibernate: 
    alter table instruction 
       add constraint FKcd28dqk4w4civw4jbswqhde2o 
       foreign key (recipe_id) 
       references recipe (recipe_id) 
       on delete cascade
Hibernate: 
    alter table measurement 
       add constraint FKawbdlt6648183uloeiqg70s5k 
       foreign key (measurement_ingredient) 
       references ingredient (ingredient_id)
Hibernate: 
    alter table measurement 
       add constraint FK4rxkc345jswd5pue43p1op7b6 
       foreign key (measurement_unit) 
       references unit (unit_id)
Hibernate: 
    alter table measurement 
       add constraint FKqptfsbxdmcuodd9wg0ainj5ju 
       foreign key (recipe_id) 
       references recipe (recipe_id) 
       on delete cascade
Hibernate: 
    alter table recipe 
       add constraint FKqce9j5wclvpp7522fkf1jn5p9 
       foreign key (recipe_account) 
       references account (account_id) 
       on delete cascade
Hibernate: 
    alter table recipe_category_mapping 
       add constraint FKo6ic4v041qy0d09yo4lne766d 
       foreign key (category_id) 
       references category (category_id)
Hibernate: 
    alter table recipe_category_mapping 
       add constraint FKpbsaruxxfswifi0t7ekvfg2fd 
       foreign key (recipe_category) 
       references recipe (recipe_id)
Hibernate: 
    alter table recipe_country_mapping 
       add constraint FK483w8krln3o8dynou1xnlnrg9 
       foreign key (country_id) 
       references country (country_id)
Hibernate: 
    alter table recipe_country_mapping 
       add constraint FKc9j7hrj2sxj5bulutbw4ievff 
       foreign key (recipe_country) 
       references recipe (recipe_id)
Hibernate: 
    alter table recipe_type_mapping 
       add constraint FKg27fj1iqigjdffvvcimnaymw1 
       foreign key (type_id) 
       references type (type_id)
Hibernate: 
    alter table recipe_type_mapping 
       add constraint FKdaudly65pqb386464ff72wjvj 
       foreign key (recipe_type) 
       references recipe (recipe_id)
2024-01-18T20:03:31.849+02:00  INFO 74534 --- [           main] j.LocalContainerEntityManagerFactoryBean : Initialized JPA EntityManagerFactory for persistence unit 'default'
2024-01-18T20:03:31.987+02:00  WARN 74534 --- [           main] JpaBaseConfiguration$JpaWebConfiguration : spring.jpa.open-in-view is enabled by default. Therefore, database queries may be performed during view rendering. Explicitly configure spring.jpa.open-in-view to disable this warning
2024-01-18T20:03:32.057+02:00  INFO 74534 --- [           main] o.s.s.web.DefaultSecurityFilterChain     : Will secure any request with [org.springframework.security.web.session.DisableEncodeUrlFilter@614a57fa, org.springframework.security.web.context.request.async.WebAsyncManagerIntegrationFilter@71ec2050, org.springframework.security.web.context.SecurityContextHolderFilter@4b04eb, org.springframework.security.web.header.HeaderWriterFilter@15c99c06, org.springframework.web.filter.CorsFilter@253e0e5c, org.springframework.web.filter.CorsFilter@62d06b34, org.springframework.security.web.authentication.logout.LogoutFilter@5558adde, com.example.recipe.security.JwtAuthFilter@36bb0fb2, org.springframework.security.web.savedrequest.RequestCacheAwareFilter@71ac02e0, org.springframework.security.web.servletapi.SecurityContextHolderAwareRequestFilter@285c997f, org.springframework.security.web.authentication.AnonymousAuthenticationFilter@51961513, org.springframework.security.web.session.SessionManagementFilter@64782da5, org.springframework.security.web.access.ExceptionTranslationFilter@65129082, org.springframework.security.web.access.intercept.AuthorizationFilter@829f007]
2024-01-18T20:03:32.148+02:00  INFO 74534 --- [           main] o.s.b.w.embedded.tomcat.TomcatWebServer  : Tomcat started on port 52559 (http) with context path ''
2024-01-18T20:03:32.150+02:00  INFO 74534 --- [           main] c.e.r.account.AccountIntegrationTest     : Started AccountIntegrationTest in 0.781 seconds (process running for 65.889)
Hibernate: 
    select
        a1_0.account_id,
        a1_0.account_email,
        a1_0.account_name,
        a1_0.account_password,
        a1_0.account_username 
    from
        account a1_0
2024-01-18T20:03:32.172+02:00  INFO 74534 --- [-auto-15-exec-1] o.a.c.c.C.[Tomcat].[localhost].[/]       : Initializing Spring DispatcherServlet 'dispatcherServlet'
2024-01-18T20:03:32.172+02:00  INFO 74534 --- [-auto-15-exec-1] o.s.web.servlet.DispatcherServlet        : Initializing Servlet 'dispatcherServlet'
2024-01-18T20:03:32.172+02:00  INFO 74534 --- [-auto-15-exec-1] o.s.web.servlet.DispatcherServlet        : Completed initialization in 0 ms
2024-01-18T20:03:32.174+02:00  WARN 74534 --- [-auto-15-exec-1] o.s.w.s.h.HandlerMappingIntrospector     : Cache miss for REQUEST dispatch to '/account/create' (previous null). Performing MatchableHandlerMapping lookup. This is logged once only at WARN level, and every time at TRACE.
Hibernate: 
    SELECT
        * 
    FROM
        account a 
    WHERE
        a.account_username = ?
Hibernate: 
    SELECT
        * 
    FROM
        account a 
    WHERE
        a.account_email = ?
Hibernate: 
    insert 
    into
        account
        (account_email, account_name, account_password, account_username) 
    values
        (?, ?, ?, ?)
Hibernate: 
    select
        a1_0.account_id,
        a1_0.account_email,
        a1_0.account_name,
        a1_0.account_password,
        a1_0.account_username 
    from
        account a1_0
2024-01-18T20:03:34.358+02:00  INFO 74534 --- [           main] j.LocalContainerEntityManagerFactoryBean : Closing JPA EntityManagerFactory for persistence unit 'default'
2024-01-18T20:03:34.359+02:00  INFO 74534 --- [           main] com.zaxxer.hikari.HikariDataSource       : HikariPool-16 - Shutdown initiated...
2024-01-18T20:03:34.361+02:00  INFO 74534 --- [           main] com.zaxxer.hikari.HikariDataSource       : HikariPool-16 - Shutdown completed.
]]></system-out>
  </testcase>
  <testcase name="deleteAccountWorks" classname="com.example.recipe.account.AccountIntegrationTest" time="2.172">
    <system-out><![CDATA[
  .   ____          _            __ _ _
 /\\ / ___'_ __ _ _(_)_ __  __ _ \ \ \ \
( ( )\___ | '_ | '_| | '_ \/ _` | \ \ \ \
 \\/  ___)| |_)| | | | | || (_| |  ) ) ) )
  '  |____| .__|_| |_|_| |_\__, | / / / /
 =========|_|==============|___/=/_/_/_/
 :: Spring Boot ::                (v3.2.0)

2024-01-18T20:03:34.404+02:00  INFO 74534 --- [           main] c.e.r.account.AccountIntegrationTest     : Starting AccountIntegrationTest using Java 18.0.2.1 with PID 74534 (started by nellirossi in /Users/nellirossi/Documents/recipes/recipes-backend)
2024-01-18T20:03:34.404+02:00  INFO 74534 --- [           main] c.e.r.account.AccountIntegrationTest     : The following 1 profile is active: "test"
2024-01-18T20:03:34.515+02:00  INFO 74534 --- [           main] .s.d.r.c.RepositoryConfigurationDelegate : Bootstrapping Spring Data JPA repositories in DEFAULT mode.
2024-01-18T20:03:34.533+02:00  INFO 74534 --- [           main] .s.d.r.c.RepositoryConfigurationDelegate : Finished Spring Data repository scanning in 16 ms. Found 8 JPA repository interfaces.
2024-01-18T20:03:34.593+02:00  INFO 74534 --- [           main] o.s.b.w.embedded.tomcat.TomcatWebServer  : Tomcat initialized with port 0 (http)
2024-01-18T20:03:34.594+02:00  INFO 74534 --- [           main] o.apache.catalina.core.StandardService   : Starting service [Tomcat]
2024-01-18T20:03:34.594+02:00  INFO 74534 --- [           main] o.apache.catalina.core.StandardEngine    : Starting Servlet engine: [Apache Tomcat/10.1.16]
2024-01-18T20:03:34.602+02:00  INFO 74534 --- [           main] o.a.c.c.C.[Tomcat].[localhost].[/]       : Initializing Spring embedded WebApplicationContext
2024-01-18T20:03:34.603+02:00  INFO 74534 --- [           main] w.s.c.ServletWebServerApplicationContext : Root WebApplicationContext: initialization completed in 198 ms
2024-01-18T20:03:34.640+02:00  INFO 74534 --- [           main] o.hibernate.jpa.internal.util.LogHelper  : HHH000204: Processing PersistenceUnitInfo [name: default]
2024-01-18T20:03:34.643+02:00  INFO 74534 --- [           main] o.h.c.internal.RegionFactoryInitiator    : HHH000026: Second-level cache disabled
2024-01-18T20:03:34.646+02:00  INFO 74534 --- [           main] o.s.o.j.p.SpringPersistenceUnitInfo      : No LoadTimeWeaver setup: ignoring JPA class transformer
2024-01-18T20:03:34.647+02:00  INFO 74534 --- [           main] com.zaxxer.hikari.HikariDataSource       : HikariPool-17 - Starting...
2024-01-18T20:03:34.650+02:00  INFO 74534 --- [           main] com.zaxxer.hikari.pool.HikariPool        : HikariPool-17 - Added connection conn160: url=jdbc:h2:mem:1d5da0f2-7381-4e46-9db0-4b004ff1e0b7 user=SA
2024-01-18T20:03:34.651+02:00  INFO 74534 --- [           main] com.zaxxer.hikari.HikariDataSource       : HikariPool-17 - Start completed.
2024-01-18T20:03:34.651+02:00  WARN 74534 --- [           main] org.hibernate.dialect.Dialect            : HHH000511: The 2.2.0 version for [org.hibernate.dialect.MySQLDialect] is no longer supported, hence certain features may not work properly. The minimum supported version is 5.7.0. Check the community dialects project for available legacy versions.
2024-01-18T20:03:34.652+02:00  WARN 74534 --- [           main] org.hibernate.orm.deprecation            : HHH90000025: MySQLDialect does not need to be specified explicitly using 'hibernate.dialect' (remove the property setting and it will be selected by default)
2024-01-18T20:03:34.725+02:00  INFO 74534 --- [           main] o.h.e.t.j.p.i.JtaPlatformInitiator       : HHH000489: No JTA platform available (set 'hibernate.transaction.jta.platform' to enable JTA platform integration)
Hibernate: 
    create table account (
        account_id integer not null auto_increment,
        account_email varchar(255) not null,
        account_name varchar(255) not null,
        account_password varchar(255) not null,
        account_username varchar(255) not null,
        primary key (account_id)
    ) engine=InnoDB
Hibernate: 
    create table category (
        category_id integer not null auto_increment,
        category_name varchar(255),
        primary key (category_id)
    ) engine=InnoDB
Hibernate: 
    create table country (
        country_id integer not null auto_increment,
        country_name varchar(255),
        primary key (country_id)
    ) engine=InnoDB
Hibernate: 
    create table ingredient (
        ingredient_id integer not null auto_increment,
        ingredient_name varchar(255) not null,
        primary key (ingredient_id)
    ) engine=InnoDB
Hibernate: 
    create table instruction (
        instruction_id integer not null auto_increment,
        instruction_body varchar(255) not null,
        recipe_id integer,
        primary key (instruction_id)
    ) engine=InnoDB
Hibernate: 
    create table measurement (
        measurement_id integer not null auto_increment,
        measurement_amount float(23) not null,
        measurement_ingredient integer,
        measurement_unit integer,
        recipe_id integer,
        primary key (measurement_id)
    ) engine=InnoDB
Hibernate: 
    create table recipe (
        recipe_id integer not null,
        recipe_description varchar(255) not null,
        recipe_do_later bit not null,
        recipe_favourite bit not null,
        recipe_finished bit not null,
        recipe_health_score float(53),
        recipe_image varchar(255) not null,
        recipe_original varchar(255),
        recipe_servings integer not null,
        recipe_time integer not null,
        recipe_title varchar(255) not null,
        recipe_to_do_date date,
        recipe_account integer not null,
        primary key (recipe_id)
    ) engine=InnoDB
Hibernate: 
    create table recipe_category_mapping (
        recipe_category integer not null,
        category_id integer not null
    ) engine=InnoDB
Hibernate: 
    create table recipe_country_mapping (
        recipe_country integer not null,
        country_id integer not null
    ) engine=InnoDB
Hibernate: 
    create table recipe_type_mapping (
        recipe_type integer not null,
        type_id integer not null
    ) engine=InnoDB
Hibernate: 
    create table type (
        type_id integer not null auto_increment,
        type_name varchar(255),
        primary key (type_id)
    ) engine=InnoDB
Hibernate: 
    create table unit (
        unit_id integer not null auto_increment,
        unit_name varchar(255),
        primary key (unit_id)
    ) engine=InnoDB
Hibernate: 
    alter table account 
       drop index UK_o72icrlyfe9jcc61hbgsnmkgr
Hibernate: 
    alter table account 
       add constraint UK_o72icrlyfe9jcc61hbgsnmkgr unique (account_email)
Hibernate: 
    alter table account 
       drop index UK_xtxi9818l59cygi210n8tymn
Hibernate: 
    alter table account 
       add constraint UK_xtxi9818l59cygi210n8tymn unique (account_username)
Hibernate: 
    alter table category 
       drop index UK_lroeo5fvfdeg4hpicn4lw7x9b
Hibernate: 
    alter table category 
       add constraint UK_lroeo5fvfdeg4hpicn4lw7x9b unique (category_name)
Hibernate: 
    alter table country 
       drop index UK_qrkn270121aljmucrdbnmd35p
Hibernate: 
    alter table country 
       add constraint UK_qrkn270121aljmucrdbnmd35p unique (country_name)
Hibernate: 
    alter table ingredient 
       drop index UK_co7ro6kyijhfik027h0y4d3n3
Hibernate: 
    alter table ingredient 
       add constraint UK_co7ro6kyijhfik027h0y4d3n3 unique (ingredient_name)
Hibernate: 
    alter table type 
       drop index UK_f1qndtxdjk0ose1st2rhv1vhx
Hibernate: 
    alter table type 
       add constraint UK_f1qndtxdjk0ose1st2rhv1vhx unique (type_name)
Hibernate: 
    alter table unit 
       drop index UK_da8eog93rhwgf6726q1nftsr6
Hibernate: 
    alter table unit 
       add constraint UK_da8eog93rhwgf6726q1nftsr6 unique (unit_name)
Hibernate: 
    alter table instruction 
       add constraint FKcd28dqk4w4civw4jbswqhde2o 
       foreign key (recipe_id) 
       references recipe (recipe_id) 
       on delete cascade
Hibernate: 
    alter table measurement 
       add constraint FKawbdlt6648183uloeiqg70s5k 
       foreign key (measurement_ingredient) 
       references ingredient (ingredient_id)
Hibernate: 
    alter table measurement 
       add constraint FK4rxkc345jswd5pue43p1op7b6 
       foreign key (measurement_unit) 
       references unit (unit_id)
Hibernate: 
    alter table measurement 
       add constraint FKqptfsbxdmcuodd9wg0ainj5ju 
       foreign key (recipe_id) 
       references recipe (recipe_id) 
       on delete cascade
Hibernate: 
    alter table recipe 
       add constraint FKqce9j5wclvpp7522fkf1jn5p9 
       foreign key (recipe_account) 
       references account (account_id) 
       on delete cascade
Hibernate: 
    alter table recipe_category_mapping 
       add constraint FKo6ic4v041qy0d09yo4lne766d 
       foreign key (category_id) 
       references category (category_id)
Hibernate: 
    alter table recipe_category_mapping 
       add constraint FKpbsaruxxfswifi0t7ekvfg2fd 
       foreign key (recipe_category) 
       references recipe (recipe_id)
Hibernate: 
    alter table recipe_country_mapping 
       add constraint FK483w8krln3o8dynou1xnlnrg9 
       foreign key (country_id) 
       references country (country_id)
Hibernate: 
    alter table recipe_country_mapping 
       add constraint FKc9j7hrj2sxj5bulutbw4ievff 
       foreign key (recipe_country) 
       references recipe (recipe_id)
Hibernate: 
    alter table recipe_type_mapping 
       add constraint FKg27fj1iqigjdffvvcimnaymw1 
       foreign key (type_id) 
       references type (type_id)
Hibernate: 
    alter table recipe_type_mapping 
       add constraint FKdaudly65pqb386464ff72wjvj 
       foreign key (recipe_type) 
       references recipe (recipe_id)
2024-01-18T20:03:34.758+02:00  INFO 74534 --- [           main] j.LocalContainerEntityManagerFactoryBean : Initialized JPA EntityManagerFactory for persistence unit 'default'
2024-01-18T20:03:34.880+02:00  WARN 74534 --- [           main] JpaBaseConfiguration$JpaWebConfiguration : spring.jpa.open-in-view is enabled by default. Therefore, database queries may be performed during view rendering. Explicitly configure spring.jpa.open-in-view to disable this warning
2024-01-18T20:03:34.958+02:00  INFO 74534 --- [           main] o.s.s.web.DefaultSecurityFilterChain     : Will secure any request with [org.springframework.security.web.session.DisableEncodeUrlFilter@6c4b2b2, org.springframework.security.web.context.request.async.WebAsyncManagerIntegrationFilter@2d821b91, org.springframework.security.web.context.SecurityContextHolderFilter@7725b1f7, org.springframework.security.web.header.HeaderWriterFilter@78733d22, org.springframework.web.filter.CorsFilter@64bb9e57, org.springframework.web.filter.CorsFilter@20e3f17a, org.springframework.security.web.authentication.logout.LogoutFilter@4e0cac2f, com.example.recipe.security.JwtAuthFilter@5dafe5ad, org.springframework.security.web.savedrequest.RequestCacheAwareFilter@553a88f0, org.springframework.security.web.servletapi.SecurityContextHolderAwareRequestFilter@34c12558, org.springframework.security.web.authentication.AnonymousAuthenticationFilter@31196f6, org.springframework.security.web.session.SessionManagementFilter@644db2d, org.springframework.security.web.access.ExceptionTranslationFilter@74aad2f9, org.springframework.security.web.access.intercept.AuthorizationFilter@7226d745]
2024-01-18T20:03:35.038+02:00  INFO 74534 --- [           main] o.s.b.w.embedded.tomcat.TomcatWebServer  : Tomcat started on port 52562 (http) with context path ''
2024-01-18T20:03:35.039+02:00  INFO 74534 --- [           main] c.e.r.account.AccountIntegrationTest     : Started AccountIntegrationTest in 0.66 seconds (process running for 68.778)
2024-01-18T20:03:35.057+02:00  INFO 74534 --- [-auto-16-exec-1] o.a.c.c.C.[Tomcat].[localhost].[/]       : Initializing Spring DispatcherServlet 'dispatcherServlet'
2024-01-18T20:03:35.058+02:00  INFO 74534 --- [-auto-16-exec-1] o.s.web.servlet.DispatcherServlet        : Initializing Servlet 'dispatcherServlet'
2024-01-18T20:03:35.058+02:00  INFO 74534 --- [-auto-16-exec-1] o.s.web.servlet.DispatcherServlet        : Completed initialization in 0 ms
Hibernate: 
    SELECT
        * 
    FROM
        account a 
    WHERE
        a.account_username = ?
2024-01-18T20:03:35.070+02:00  WARN 74534 --- [-auto-16-exec-1] o.s.w.s.h.HandlerMappingIntrospector     : Cache miss for REQUEST dispatch to '/account/delete' (previous null). Performing MatchableHandlerMapping lookup. This is logged once only at WARN level, and every time at TRACE.
Hibernate: 
    select
        a1_0.account_id,
        a1_0.account_email,
        a1_0.account_name,
        a1_0.account_password,
        a1_0.account_username 
    from
        account a1_0 
    where
        a1_0.account_id=?
Hibernate: 
    SELECT
        * 
    FROM
        recipe r 
    WHERE
        r.recipe_account = ?
Hibernate: 
    select
        c1_0.recipe_country,
        c1_1.country_id,
        c1_1.country_name 
    from
        recipe_country_mapping c1_0 
    join
        country c1_1 
            on c1_1.country_id=c1_0.country_id 
    where
        c1_0.recipe_country=?
Hibernate: 
    select
        t1_0.recipe_type,
        t1_1.type_id,
        t1_1.type_name 
    from
        recipe_type_mapping t1_0 
    join
        type t1_1 
            on t1_1.type_id=t1_0.type_id 
    where
        t1_0.recipe_type=?
Hibernate: 
    select
        c1_0.recipe_category,
        c1_1.category_id,
        c1_1.category_name 
    from
        recipe_category_mapping c1_0 
    join
        category c1_1 
            on c1_1.category_id=c1_0.category_id 
    where
        c1_0.recipe_category=?
Hibernate: 
    select
        c1_0.recipe_country,
        c1_1.country_id,
        c1_1.country_name 
    from
        recipe_country_mapping c1_0 
    join
        country c1_1 
            on c1_1.country_id=c1_0.country_id 
    where
        c1_0.recipe_country=?
Hibernate: 
    select
        t1_0.recipe_type,
        t1_1.type_id,
        t1_1.type_name 
    from
        recipe_type_mapping t1_0 
    join
        type t1_1 
            on t1_1.type_id=t1_0.type_id 
    where
        t1_0.recipe_type=?
Hibernate: 
    select
        c1_0.recipe_category,
        c1_1.category_id,
        c1_1.category_name 
    from
        recipe_category_mapping c1_0 
    join
        category c1_1 
            on c1_1.category_id=c1_0.category_id 
    where
        c1_0.recipe_category=?
Hibernate: 
    delete 
    from
        recipe_category_mapping 
    where
        recipe_category=?
Hibernate: 
    delete 
    from
        recipe_country_mapping 
    where
        recipe_country=?
Hibernate: 
    delete 
    from
        recipe_type_mapping 
    where
        recipe_type=?
Hibernate: 
    delete 
    from
        recipe_category_mapping 
    where
        recipe_category=?
Hibernate: 
    delete 
    from
        recipe_country_mapping 
    where
        recipe_country=?
Hibernate: 
    delete 
    from
        recipe_type_mapping 
    where
        recipe_type=?
Hibernate: 
    delete 
    from
        account 
    where
        account_id=?
Hibernate: 
    select
        a1_0.account_id,
        a1_0.account_email,
        a1_0.account_name,
        a1_0.account_password,
        a1_0.account_username 
    from
        account a1_0
2024-01-18T20:03:37.202+02:00  INFO 74534 --- [           main] j.LocalContainerEntityManagerFactoryBean : Closing JPA EntityManagerFactory for persistence unit 'default'
2024-01-18T20:03:37.203+02:00  INFO 74534 --- [           main] com.zaxxer.hikari.HikariDataSource       : HikariPool-17 - Shutdown initiated...
2024-01-18T20:03:37.210+02:00  INFO 74534 --- [           main] com.zaxxer.hikari.HikariDataSource       : HikariPool-17 - Shutdown completed.
]]></system-out>
  </testcase>
  <testcase name="updateAccountWorks" classname="com.example.recipe.account.AccountIntegrationTest" time="2.314">
    <system-out><![CDATA[
  .   ____          _            __ _ _
 /\\ / ___'_ __ _ _(_)_ __  __ _ \ \ \ \
( ( )\___ | '_ | '_| | '_ \/ _` | \ \ \ \
 \\/  ___)| |_)| | | | | || (_| |  ) ) ) )
  '  |____| .__|_| |_|_| |_\__, | / / / /
 =========|_|==============|___/=/_/_/_/
 :: Spring Boot ::                (v3.2.0)

2024-01-18T20:03:37.250+02:00  INFO 74534 --- [           main] c.e.r.account.AccountIntegrationTest     : Starting AccountIntegrationTest using Java 18.0.2.1 with PID 74534 (started by nellirossi in /Users/nellirossi/Documents/recipes/recipes-backend)
2024-01-18T20:03:37.250+02:00  INFO 74534 --- [           main] c.e.r.account.AccountIntegrationTest     : The following 1 profile is active: "test"
2024-01-18T20:03:37.365+02:00  INFO 74534 --- [           main] .s.d.r.c.RepositoryConfigurationDelegate : Bootstrapping Spring Data JPA repositories in DEFAULT mode.
2024-01-18T20:03:37.379+02:00  INFO 74534 --- [           main] .s.d.r.c.RepositoryConfigurationDelegate : Finished Spring Data repository scanning in 14 ms. Found 8 JPA repository interfaces.
2024-01-18T20:03:37.437+02:00  INFO 74534 --- [           main] o.s.b.w.embedded.tomcat.TomcatWebServer  : Tomcat initialized with port 0 (http)
2024-01-18T20:03:37.438+02:00  INFO 74534 --- [           main] o.apache.catalina.core.StandardService   : Starting service [Tomcat]
2024-01-18T20:03:37.438+02:00  INFO 74534 --- [           main] o.apache.catalina.core.StandardEngine    : Starting Servlet engine: [Apache Tomcat/10.1.16]
2024-01-18T20:03:37.451+02:00  INFO 74534 --- [           main] o.a.c.c.C.[Tomcat].[localhost].[/]       : Initializing Spring embedded WebApplicationContext
2024-01-18T20:03:37.451+02:00  INFO 74534 --- [           main] w.s.c.ServletWebServerApplicationContext : Root WebApplicationContext: initialization completed in 200 ms
2024-01-18T20:03:37.484+02:00  INFO 74534 --- [           main] o.hibernate.jpa.internal.util.LogHelper  : HHH000204: Processing PersistenceUnitInfo [name: default]
2024-01-18T20:03:37.486+02:00  INFO 74534 --- [           main] o.h.c.internal.RegionFactoryInitiator    : HHH000026: Second-level cache disabled
2024-01-18T20:03:37.490+02:00  INFO 74534 --- [           main] o.s.o.j.p.SpringPersistenceUnitInfo      : No LoadTimeWeaver setup: ignoring JPA class transformer
2024-01-18T20:03:37.490+02:00  INFO 74534 --- [           main] com.zaxxer.hikari.HikariDataSource       : HikariPool-18 - Starting...
2024-01-18T20:03:37.496+02:00  INFO 74534 --- [           main] com.zaxxer.hikari.pool.HikariPool        : HikariPool-18 - Added connection conn170: url=jdbc:h2:mem:f53a88e8-23ce-42ce-b90a-986d5c4d3e4d user=SA
2024-01-18T20:03:37.496+02:00  INFO 74534 --- [           main] com.zaxxer.hikari.HikariDataSource       : HikariPool-18 - Start completed.
2024-01-18T20:03:37.497+02:00  WARN 74534 --- [           main] org.hibernate.dialect.Dialect            : HHH000511: The 2.2.0 version for [org.hibernate.dialect.MySQLDialect] is no longer supported, hence certain features may not work properly. The minimum supported version is 5.7.0. Check the community dialects project for available legacy versions.
2024-01-18T20:03:37.497+02:00  WARN 74534 --- [           main] org.hibernate.orm.deprecation            : HHH90000025: MySQLDialect does not need to be specified explicitly using 'hibernate.dialect' (remove the property setting and it will be selected by default)
2024-01-18T20:03:37.568+02:00  INFO 74534 --- [           main] o.h.e.t.j.p.i.JtaPlatformInitiator       : HHH000489: No JTA platform available (set 'hibernate.transaction.jta.platform' to enable JTA platform integration)
Hibernate: 
    create table account (
        account_id integer not null auto_increment,
        account_email varchar(255) not null,
        account_name varchar(255) not null,
        account_password varchar(255) not null,
        account_username varchar(255) not null,
        primary key (account_id)
    ) engine=InnoDB
Hibernate: 
    create table category (
        category_id integer not null auto_increment,
        category_name varchar(255),
        primary key (category_id)
    ) engine=InnoDB
Hibernate: 
    create table country (
        country_id integer not null auto_increment,
        country_name varchar(255),
        primary key (country_id)
    ) engine=InnoDB
Hibernate: 
    create table ingredient (
        ingredient_id integer not null auto_increment,
        ingredient_name varchar(255) not null,
        primary key (ingredient_id)
    ) engine=InnoDB
Hibernate: 
    create table instruction (
        instruction_id integer not null auto_increment,
        instruction_body varchar(255) not null,
        recipe_id integer,
        primary key (instruction_id)
    ) engine=InnoDB
Hibernate: 
    create table measurement (
        measurement_id integer not null auto_increment,
        measurement_amount float(23) not null,
        measurement_ingredient integer,
        measurement_unit integer,
        recipe_id integer,
        primary key (measurement_id)
    ) engine=InnoDB
Hibernate: 
    create table recipe (
        recipe_id integer not null,
        recipe_description varchar(255) not null,
        recipe_do_later bit not null,
        recipe_favourite bit not null,
        recipe_finished bit not null,
        recipe_health_score float(53),
        recipe_image varchar(255) not null,
        recipe_original varchar(255),
        recipe_servings integer not null,
        recipe_time integer not null,
        recipe_title varchar(255) not null,
        recipe_to_do_date date,
        recipe_account integer not null,
        primary key (recipe_id)
    ) engine=InnoDB
Hibernate: 
    create table recipe_category_mapping (
        recipe_category integer not null,
        category_id integer not null
    ) engine=InnoDB
Hibernate: 
    create table recipe_country_mapping (
        recipe_country integer not null,
        country_id integer not null
    ) engine=InnoDB
Hibernate: 
    create table recipe_type_mapping (
        recipe_type integer not null,
        type_id integer not null
    ) engine=InnoDB
Hibernate: 
    create table type (
        type_id integer not null auto_increment,
        type_name varchar(255),
        primary key (type_id)
    ) engine=InnoDB
Hibernate: 
    create table unit (
        unit_id integer not null auto_increment,
        unit_name varchar(255),
        primary key (unit_id)
    ) engine=InnoDB
Hibernate: 
    alter table account 
       drop index UK_o72icrlyfe9jcc61hbgsnmkgr
Hibernate: 
    alter table account 
       add constraint UK_o72icrlyfe9jcc61hbgsnmkgr unique (account_email)
Hibernate: 
    alter table account 
       drop index UK_xtxi9818l59cygi210n8tymn
Hibernate: 
    alter table account 
       add constraint UK_xtxi9818l59cygi210n8tymn unique (account_username)
Hibernate: 
    alter table category 
       drop index UK_lroeo5fvfdeg4hpicn4lw7x9b
Hibernate: 
    alter table category 
       add constraint UK_lroeo5fvfdeg4hpicn4lw7x9b unique (category_name)
Hibernate: 
    alter table country 
       drop index UK_qrkn270121aljmucrdbnmd35p
Hibernate: 
    alter table country 
       add constraint UK_qrkn270121aljmucrdbnmd35p unique (country_name)
Hibernate: 
    alter table ingredient 
       drop index UK_co7ro6kyijhfik027h0y4d3n3
Hibernate: 
    alter table ingredient 
       add constraint UK_co7ro6kyijhfik027h0y4d3n3 unique (ingredient_name)
Hibernate: 
    alter table type 
       drop index UK_f1qndtxdjk0ose1st2rhv1vhx
Hibernate: 
    alter table type 
       add constraint UK_f1qndtxdjk0ose1st2rhv1vhx unique (type_name)
Hibernate: 
    alter table unit 
       drop index UK_da8eog93rhwgf6726q1nftsr6
Hibernate: 
    alter table unit 
       add constraint UK_da8eog93rhwgf6726q1nftsr6 unique (unit_name)
Hibernate: 
    alter table instruction 
       add constraint FKcd28dqk4w4civw4jbswqhde2o 
       foreign key (recipe_id) 
       references recipe (recipe_id) 
       on delete cascade
Hibernate: 
    alter table measurement 
       add constraint FKawbdlt6648183uloeiqg70s5k 
       foreign key (measurement_ingredient) 
       references ingredient (ingredient_id)
Hibernate: 
    alter table measurement 
       add constraint FK4rxkc345jswd5pue43p1op7b6 
       foreign key (measurement_unit) 
       references unit (unit_id)
Hibernate: 
    alter table measurement 
       add constraint FKqptfsbxdmcuodd9wg0ainj5ju 
       foreign key (recipe_id) 
       references recipe (recipe_id) 
       on delete cascade
Hibernate: 
    alter table recipe 
       add constraint FKqce9j5wclvpp7522fkf1jn5p9 
       foreign key (recipe_account) 
       references account (account_id) 
       on delete cascade
Hibernate: 
    alter table recipe_category_mapping 
       add constraint FKo6ic4v041qy0d09yo4lne766d 
       foreign key (category_id) 
       references category (category_id)
Hibernate: 
    alter table recipe_category_mapping 
       add constraint FKpbsaruxxfswifi0t7ekvfg2fd 
       foreign key (recipe_category) 
       references recipe (recipe_id)
Hibernate: 
    alter table recipe_country_mapping 
       add constraint FK483w8krln3o8dynou1xnlnrg9 
       foreign key (country_id) 
       references country (country_id)
Hibernate: 
    alter table recipe_country_mapping 
       add constraint FKc9j7hrj2sxj5bulutbw4ievff 
       foreign key (recipe_country) 
       references recipe (recipe_id)
Hibernate: 
    alter table recipe_type_mapping 
       add constraint FKg27fj1iqigjdffvvcimnaymw1 
       foreign key (type_id) 
       references type (type_id)
Hibernate: 
    alter table recipe_type_mapping 
       add constraint FKdaudly65pqb386464ff72wjvj 
       foreign key (recipe_type) 
       references recipe (recipe_id)
2024-01-18T20:03:37.588+02:00  INFO 74534 --- [           main] j.LocalContainerEntityManagerFactoryBean : Initialized JPA EntityManagerFactory for persistence unit 'default'
2024-01-18T20:03:37.704+02:00  WARN 74534 --- [           main] JpaBaseConfiguration$JpaWebConfiguration : spring.jpa.open-in-view is enabled by default. Therefore, database queries may be performed during view rendering. Explicitly configure spring.jpa.open-in-view to disable this warning
2024-01-18T20:03:37.788+02:00  INFO 74534 --- [           main] o.s.s.web.DefaultSecurityFilterChain     : Will secure any request with [org.springframework.security.web.session.DisableEncodeUrlFilter@1a583585, org.springframework.security.web.context.request.async.WebAsyncManagerIntegrationFilter@5d30f5fc, org.springframework.security.web.context.SecurityContextHolderFilter@547dfb6f, org.springframework.security.web.header.HeaderWriterFilter@7c6117e9, org.springframework.web.filter.CorsFilter@345aa893, org.springframework.web.filter.CorsFilter@1d866d90, org.springframework.security.web.authentication.logout.LogoutFilter@2fcd0c4e, com.example.recipe.security.JwtAuthFilter@1c4e8e00, org.springframework.security.web.savedrequest.RequestCacheAwareFilter@ed2257e, org.springframework.security.web.servletapi.SecurityContextHolderAwareRequestFilter@7a78b512, org.springframework.security.web.authentication.AnonymousAuthenticationFilter@462987b8, org.springframework.security.web.session.SessionManagementFilter@307bc7a2, org.springframework.security.web.access.ExceptionTranslationFilter@18b849af, org.springframework.security.web.access.intercept.AuthorizationFilter@fc4d62e]
2024-01-18T20:03:37.866+02:00  INFO 74534 --- [           main] o.s.b.w.embedded.tomcat.TomcatWebServer  : Tomcat started on port 52565 (http) with context path ''
2024-01-18T20:03:37.868+02:00  INFO 74534 --- [           main] c.e.r.account.AccountIntegrationTest     : Started AccountIntegrationTest in 0.648 seconds (process running for 71.607)
2024-01-18T20:03:37.896+02:00  INFO 74534 --- [-auto-17-exec-1] o.a.c.c.C.[Tomcat].[localhost].[/]       : Initializing Spring DispatcherServlet 'dispatcherServlet'
2024-01-18T20:03:37.897+02:00  INFO 74534 --- [-auto-17-exec-1] o.s.web.servlet.DispatcherServlet        : Initializing Servlet 'dispatcherServlet'
2024-01-18T20:03:37.897+02:00  INFO 74534 --- [-auto-17-exec-1] o.s.web.servlet.DispatcherServlet        : Completed initialization in 0 ms
Hibernate: 
    SELECT
        * 
    FROM
        account a 
    WHERE
        a.account_username = ?
2024-01-18T20:03:37.903+02:00  WARN 74534 --- [-auto-17-exec-1] o.s.w.s.h.HandlerMappingIntrospector     : Cache miss for REQUEST dispatch to '/account/update' (previous null). Performing MatchableHandlerMapping lookup. This is logged once only at WARN level, and every time at TRACE.
Hibernate: 
    select
        a1_0.account_id,
        a1_0.account_email,
        a1_0.account_name,
        a1_0.account_password,
        a1_0.account_username 
    from
        account a1_0 
    where
        a1_0.account_id=?
Hibernate: 
    SELECT
        * 
    FROM
        account a 
    WHERE
        a.account_username = ?
Hibernate: 
    SELECT
        * 
    FROM
        account a 
    WHERE
        a.account_email = ?
Hibernate: 
    update
        account 
    set
        account_email=?,
        account_name=?,
        account_password=?,
        account_username=? 
    where
        account_id=?
2024-01-18T20:03:40.177+02:00  INFO 74534 --- [           main] j.LocalContainerEntityManagerFactoryBean : Closing JPA EntityManagerFactory for persistence unit 'default'
2024-01-18T20:03:40.178+02:00  INFO 74534 --- [           main] com.zaxxer.hikari.HikariDataSource       : HikariPool-18 - Shutdown initiated...
2024-01-18T20:03:40.181+02:00  INFO 74534 --- [           main] com.zaxxer.hikari.HikariDataSource       : HikariPool-18 - Shutdown completed.
]]></system-out>
  </testcase>
</testsuite>