<?xml version="1.0" encoding="UTF-8"?>
<testsuite xmlns:xsi="http://www.w3.org/2001/XMLSchema-instance" xsi:noNamespaceSchemaLocation="https://maven.apache.org/surefire/maven-surefire-plugin/xsd/surefire-test-report-3.0.xsd" version="3.0" name="com.example.recipe.unit.UnitRepositoryTest" time="6.242" tests="1" errors="0" skipped="0" failures="0">
  <properties>
[...]
</properties>
  <testcase name="getUnitByNameWorks" classname="com.example.recipe.unit.UnitRepositoryTest" time="1.016">
    <system-out><![CDATA[
  .   ____          _            __ _ _
 /\\ / ___'_ __ _ _(_)_ __  __ _ \ \ \ \
( ( )\___ | '_ | '_| | '_ \/ _` | \ \ \ \
 \\/  ___)| |_)| | | | | || (_| |  ) ) ) )
  '  |____| .__|_| |_|_| |_\__, | / / / /
 =========|_|==============|___/=/_/_/_/
 :: Spring Boot ::                (v3.2.0)

2024-01-18T20:02:28.312+02:00  INFO 74534 --- [           main] c.e.recipe.unit.UnitRepositoryTest       : Starting UnitRepositoryTest using Java 18.0.2.1 with PID 74534 (started by nellirossi in /Users/nellirossi/Documents/recipes/recipes-backend)
2024-01-18T20:02:28.317+02:00  INFO 74534 --- [           main] c.e.recipe.unit.UnitRepositoryTest       : The following 1 profile is active: "test"
2024-01-18T20:02:29.043+02:00  INFO 74534 --- [           main] .s.d.r.c.RepositoryConfigurationDelegate : Bootstrapping Spring Data JPA repositories in DEFAULT mode.
2024-01-18T20:02:29.227+02:00  INFO 74534 --- [           main] .s.d.r.c.RepositoryConfigurationDelegate : Finished Spring Data repository scanning in 179 ms. Found 8 JPA repository interfaces.
2024-01-18T20:02:29.856+02:00  INFO 74534 --- [           main] o.hibernate.jpa.internal.util.LogHelper  : HHH000204: Processing PersistenceUnitInfo [name: default]
2024-01-18T20:02:29.899+02:00  INFO 74534 --- [           main] org.hibernate.Version                    : HHH000412: Hibernate ORM core version 6.3.1.Final
2024-01-18T20:02:29.934+02:00  INFO 74534 --- [           main] o.h.c.internal.RegionFactoryInitiator    : HHH000026: Second-level cache disabled
2024-01-18T20:02:30.134+02:00  INFO 74534 --- [           main] o.s.o.j.p.SpringPersistenceUnitInfo      : No LoadTimeWeaver setup: ignoring JPA class transformer
2024-01-18T20:02:30.162+02:00  INFO 74534 --- [           main] com.zaxxer.hikari.HikariDataSource       : HikariPool-1 - Starting...
2024-01-18T20:02:30.348+02:00  INFO 74534 --- [           main] com.zaxxer.hikari.pool.HikariPool        : HikariPool-1 - Added connection conn0: url=jdbc:h2:mem:0f156d49-2bfd-44ac-aebd-4081d4313989 user=SA
2024-01-18T20:02:30.351+02:00  INFO 74534 --- [           main] com.zaxxer.hikari.HikariDataSource       : HikariPool-1 - Start completed.
2024-01-18T20:02:30.402+02:00  WARN 74534 --- [           main] org.hibernate.dialect.Dialect            : HHH000511: The 2.2.0 version for [org.hibernate.dialect.MySQLDialect] is no longer supported, hence certain features may not work properly. The minimum supported version is 5.7.0. Check the community dialects project for available legacy versions.
2024-01-18T20:02:30.407+02:00  WARN 74534 --- [           main] org.hibernate.orm.deprecation            : HHH90000025: MySQLDialect does not need to be specified explicitly using 'hibernate.dialect' (remove the property setting and it will be selected by default)
2024-01-18T20:02:31.415+02:00  INFO 74534 --- [           main] o.h.e.t.j.p.i.JtaPlatformInitiator       : HHH000489: No JTA platform available (set 'hibernate.transaction.jta.platform' to enable JTA platform integration)
Hibernate: 
    create table account (
        account_id integer not null auto_increment,
        account_email varchar(255) not null,
        account_name varchar(255) not null,
        account_password varchar(255) not null,
        account_username varchar(255) not null,
        primary key (account_id)
    ) engine=InnoDB
Hibernate: 
    create table category (
        category_id integer not null auto_increment,
        category_name varchar(255),
        primary key (category_id)
    ) engine=InnoDB
Hibernate: 
    create table country (
        country_id integer not null auto_increment,
        country_name varchar(255),
        primary key (country_id)
    ) engine=InnoDB
Hibernate: 
    create table ingredient (
        ingredient_id integer not null auto_increment,
        ingredient_name varchar(255) not null,
        primary key (ingredient_id)
    ) engine=InnoDB
Hibernate: 
    create table instruction (
        instruction_id integer not null auto_increment,
        instruction_body varchar(255) not null,
        recipe_id integer,
        primary key (instruction_id)
    ) engine=InnoDB
Hibernate: 
    create table measurement (
        measurement_id integer not null auto_increment,
        measurement_amount float(23) not null,
        measurement_ingredient integer,
        measurement_unit integer,
        recipe_id integer,
        primary key (measurement_id)
    ) engine=InnoDB
Hibernate: 
    create table recipe (
        recipe_id integer not null,
        recipe_description varchar(255) not null,
        recipe_do_later bit not null,
        recipe_favourite bit not null,
        recipe_finished bit not null,
        recipe_health_score float(53),
        recipe_image varchar(255) not null,
        recipe_original varchar(255),
        recipe_servings integer not null,
        recipe_time integer not null,
        recipe_title varchar(255) not null,
        recipe_to_do_date date,
        recipe_account integer not null,
        primary key (recipe_id)
    ) engine=InnoDB
Hibernate: 
    create table recipe_category_mapping (
        recipe_category integer not null,
        category_id integer not null
    ) engine=InnoDB
Hibernate: 
    create table recipe_country_mapping (
        recipe_country integer not null,
        country_id integer not null
    ) engine=InnoDB
Hibernate: 
    create table recipe_type_mapping (
        recipe_type integer not null,
        type_id integer not null
    ) engine=InnoDB
Hibernate: 
    create table type (
        type_id integer not null auto_increment,
        type_name varchar(255),
        primary key (type_id)
    ) engine=InnoDB
Hibernate: 
    create table unit (
        unit_id integer not null auto_increment,
        unit_name varchar(255),
        primary key (unit_id)
    ) engine=InnoDB
Hibernate: 
    alter table account 
       drop index UK_o72icrlyfe9jcc61hbgsnmkgr
Hibernate: 
    alter table account 
       add constraint UK_o72icrlyfe9jcc61hbgsnmkgr unique (account_email)
Hibernate: 
    alter table account 
       drop index UK_xtxi9818l59cygi210n8tymn
Hibernate: 
    alter table account 
       add constraint UK_xtxi9818l59cygi210n8tymn unique (account_username)
Hibernate: 
    alter table category 
       drop index UK_lroeo5fvfdeg4hpicn4lw7x9b
Hibernate: 
    alter table category 
       add constraint UK_lroeo5fvfdeg4hpicn4lw7x9b unique (category_name)
Hibernate: 
    alter table country 
       drop index UK_qrkn270121aljmucrdbnmd35p
Hibernate: 
    alter table country 
       add constraint UK_qrkn270121aljmucrdbnmd35p unique (country_name)
Hibernate: 
    alter table ingredient 
       drop index UK_co7ro6kyijhfik027h0y4d3n3
Hibernate: 
    alter table ingredient 
       add constraint UK_co7ro6kyijhfik027h0y4d3n3 unique (ingredient_name)
Hibernate: 
    alter table type 
       drop index UK_f1qndtxdjk0ose1st2rhv1vhx
Hibernate: 
    alter table type 
       add constraint UK_f1qndtxdjk0ose1st2rhv1vhx unique (type_name)
Hibernate: 
    alter table unit 
       drop index UK_da8eog93rhwgf6726q1nftsr6
Hibernate: 
    alter table unit 
       add constraint UK_da8eog93rhwgf6726q1nftsr6 unique (unit_name)
Hibernate: 
    alter table instruction 
       add constraint FKcd28dqk4w4civw4jbswqhde2o 
       foreign key (recipe_id) 
       references recipe (recipe_id) 
       on delete cascade
Hibernate: 
    alter table measurement 
       add constraint FKawbdlt6648183uloeiqg70s5k 
       foreign key (measurement_ingredient) 
       references ingredient (ingredient_id)
Hibernate: 
    alter table measurement 
       add constraint FK4rxkc345jswd5pue43p1op7b6 
       foreign key (measurement_unit) 
       references unit (unit_id)
Hibernate: 
    alter table measurement 
       add constraint FKqptfsbxdmcuodd9wg0ainj5ju 
       foreign key (recipe_id) 
       references recipe (recipe_id) 
       on delete cascade
Hibernate: 
    alter table recipe 
       add constraint FKqce9j5wclvpp7522fkf1jn5p9 
       foreign key (recipe_account) 
       references account (account_id) 
       on delete cascade
Hibernate: 
    alter table recipe_category_mapping 
       add constraint FKo6ic4v041qy0d09yo4lne766d 
       foreign key (category_id) 
       references category (category_id)
Hibernate: 
    alter table recipe_category_mapping 
       add constraint FKpbsaruxxfswifi0t7ekvfg2fd 
       foreign key (recipe_category) 
       references recipe (recipe_id)
Hibernate: 
    alter table recipe_country_mapping 
       add constraint FK483w8krln3o8dynou1xnlnrg9 
       foreign key (country_id) 
       references country (country_id)
Hibernate: 
    alter table recipe_country_mapping 
       add constraint FKc9j7hrj2sxj5bulutbw4ievff 
       foreign key (recipe_country) 
       references recipe (recipe_id)
Hibernate: 
    alter table recipe_type_mapping 
       add constraint FKg27fj1iqigjdffvvcimnaymw1 
       foreign key (type_id) 
       references type (type_id)
Hibernate: 
    alter table recipe_type_mapping 
       add constraint FKdaudly65pqb386464ff72wjvj 
       foreign key (recipe_type) 
       references recipe (recipe_id)
2024-01-18T20:02:31.539+02:00  INFO 74534 --- [           main] j.LocalContainerEntityManagerFactoryBean : Initialized JPA EntityManagerFactory for persistence unit 'default'
2024-01-18T20:02:32.006+02:00  INFO 74534 --- [           main] o.s.d.j.r.query.QueryEnhancerFactory     : Hibernate is in classpath; If applicable, HQL parser will be used.
2024-01-18T20:02:32.523+02:00  INFO 74534 --- [           main] c.e.recipe.unit.UnitRepositoryTest       : Started UnitRepositoryTest in 4.71 seconds (process running for 6.261)
Hibernate: 
    select
        u1_0.unit_id,
        u1_0.unit_name 
    from
        unit u1_0 
    where
        u1_0.unit_id=?
Hibernate: 
    update
        unit 
    set
        unit_name=? 
    where
        unit_id=?
Hibernate: 
    SELECT
        * 
    FROM
        unit u 
    WHERE
        u.unit_name = ?
Hibernate: 
    SELECT
        * 
    FROM
        unit u 
    WHERE
        u.unit_name = ?
Hibernate: 
    select
        u1_0.unit_id,
        u1_0.unit_name 
    from
        unit u1_0
]]></system-out>
  </testcase>
</testsuite>